[ 2015-02-03T00:24:55+08:00 ] ::1 /runmoney/Index/rate?tid=1&callback=mycallback
INFO: [ app_init ] --START--
INFO: Run Behavior\BuildLiteBehavior [ RunTime:0.000031s ]
INFO: Run Common\Behavior\InitHookBehavior [ RunTime:0.004638s ]
INFO: [ app_init ] --END-- [ RunTime:0.007791s ]
INFO: [ app_begin ] --START--
INFO: Run Behavior\ReadHtmlCacheBehavior [ RunTime:0.000785s ]
INFO: [ app_begin ] --END-- [ RunTime:0.000854s ]
SQL: SHOW COLUMNS FROM `rm_config` [ RunTime:0.0221s ]
SQL: SELECT `type`,`name`,`value` FROM `rm_config` WHERE `status` = 1  [ RunTime:0.0037s ]
NOTIC: [8] Use of undefined constant JSONP - assumed 'JSONP' /Users/ningsk/codes/runmoney/Application/Home/Controller/IndexController.class.php 第 123 行.

[ 2015-02-03T00:25:01+08:00 ] ::1 /runmoney/Index/rate?id=1&callback=mycallback
INFO: [ app_init ] --START--
INFO: Run Behavior\BuildLiteBehavior [ RunTime:0.000012s ]
INFO: Run Common\Behavior\InitHookBehavior [ RunTime:0.001050s ]
INFO: [ app_init ] --END-- [ RunTime:0.001360s ]
INFO: [ app_begin ] --START--
INFO: Run Behavior\ReadHtmlCacheBehavior [ RunTime:0.000325s ]
INFO: [ app_begin ] --END-- [ RunTime:0.000373s ]
SQL: SHOW COLUMNS FROM `rm_config` [ RunTime:0.0016s ]
SQL: SELECT `type`,`name`,`value` FROM `rm_config` WHERE `status` = 1  [ RunTime:0.0002s ]
NOTIC: [8] Use of undefined constant JSONP - assumed 'JSONP' /Users/ningsk/codes/runmoney/Application/Home/Controller/IndexController.class.php 第 123 行.

[ 2015-02-03T00:25:12+08:00 ] ::1 /runmoney/Index/rate?id=1&type=comment&callback=mycallback
INFO: [ app_init ] --START--
INFO: Run Behavior\BuildLiteBehavior [ RunTime:0.000014s ]
INFO: Run Common\Behavior\InitHookBehavior [ RunTime:0.001255s ]
INFO: [ app_init ] --END-- [ RunTime:0.001631s ]
INFO: [ app_begin ] --START--
INFO: Run Behavior\ReadHtmlCacheBehavior [ RunTime:0.000416s ]
INFO: [ app_begin ] --END-- [ RunTime:0.000490s ]
SQL: SHOW COLUMNS FROM `rm_config` [ RunTime:0.0015s ]
SQL: SELECT `type`,`name`,`value` FROM `rm_config` WHERE `status` = 1  [ RunTime:0.0002s ]
NOTIC: [8] Use of undefined constant JSONP - assumed 'JSONP' /Users/ningsk/codes/runmoney/Application/Home/Controller/IndexController.class.php 第 123 行.

[ 2015-02-03T00:25:22+08:00 ] ::1 /runmoney/Index/rate?id=1&type=comment&val=good&callback=mycallback
INFO: [ app_init ] --START--
INFO: Run Behavior\BuildLiteBehavior [ RunTime:0.000012s ]
INFO: Run Common\Behavior\InitHookBehavior [ RunTime:0.001027s ]
INFO: [ app_init ] --END-- [ RunTime:0.001402s ]
INFO: [ app_begin ] --START--
INFO: Run Behavior\ReadHtmlCacheBehavior [ RunTime:0.000360s ]
INFO: [ app_begin ] --END-- [ RunTime:0.000420s ]
SQL: SHOW COLUMNS FROM `rm_config` [ RunTime:0.0013s ]
SQL: SELECT `type`,`name`,`value` FROM `rm_config` WHERE `status` = 1  [ RunTime:0.0002s ]
NOTIC: [8] Use of undefined constant JSONP - assumed 'JSONP' /Users/ningsk/codes/runmoney/Application/Home/Controller/IndexController.class.php 第 123 行.

[ 2015-02-03T00:25:42+08:00 ] ::1 /runmoney/Index/rate?id=1&type=comment&val=good&callback=mycallback
INFO: [ app_init ] --START--
INFO: Run Behavior\BuildLiteBehavior [ RunTime:0.000011s ]
INFO: Run Common\Behavior\InitHookBehavior [ RunTime:0.001167s ]
INFO: [ app_init ] --END-- [ RunTime:0.001503s ]
INFO: [ app_begin ] --START--
INFO: Run Behavior\ReadHtmlCacheBehavior [ RunTime:0.000341s ]
INFO: [ app_begin ] --END-- [ RunTime:0.000392s ]
SQL: SHOW COLUMNS FROM `rm_config` [ RunTime:0.0019s ]
SQL: SELECT `type`,`name`,`value` FROM `rm_config` WHERE `status` = 1  [ RunTime:0.0002s ]
NOTIC: [8] Use of undefined constant JSONP - assumed 'JSONP' /Users/ningsk/codes/runmoney/Application/Home/Controller/IndexController.class.php 第 123 行.

[ 2015-02-03T00:26:09+08:00 ] ::1 /runmoney/Index/rate?id=1&type=comment&val=good&callback=mycallback
INFO: [ app_init ] --START--
INFO: Run Behavior\BuildLiteBehavior [ RunTime:0.000012s ]
INFO: Run Common\Behavior\InitHookBehavior [ RunTime:0.001040s ]
INFO: [ app_init ] --END-- [ RunTime:0.001384s ]
INFO: [ app_begin ] --START--
INFO: Run Behavior\ReadHtmlCacheBehavior [ RunTime:0.000379s ]
INFO: [ app_begin ] --END-- [ RunTime:0.000425s ]
SQL: SHOW COLUMNS FROM `rm_config` [ RunTime:0.0020s ]
SQL: SELECT `type`,`name`,`value` FROM `rm_config` WHERE `status` = 1  [ RunTime:0.0002s ]
NOTIC: [8] Use of undefined constant JSONP - assumed 'JSONP' /Users/ningsk/codes/runmoney/Application/Home/Controller/IndexController.class.php 第 123 行.

[ 2015-02-03T00:26:26+08:00 ] ::1 /runmoney/Index/rate?id=11&type=comment&val=good&callback=mycallback
INFO: [ app_init ] --START--
INFO: Run Behavior\BuildLiteBehavior [ RunTime:0.000008s ]
INFO: Run Common\Behavior\InitHookBehavior [ RunTime:0.000674s ]
INFO: [ app_init ] --END-- [ RunTime:0.000891s ]
INFO: [ app_begin ] --START--
INFO: Run Behavior\ReadHtmlCacheBehavior [ RunTime:0.000255s ]
INFO: [ app_begin ] --END-- [ RunTime:0.000287s ]
SQL: SHOW COLUMNS FROM `rm_config` [ RunTime:0.0013s ]
SQL: SELECT `type`,`name`,`value` FROM `rm_config` WHERE `status` = 1  [ RunTime:0.0002s ]
NOTIC: [8] Use of undefined constant JSONP - assumed 'JSONP' /Users/ningsk/codes/runmoney/Application/Home/Controller/IndexController.class.php 第 123 行.

[ 2015-02-03T00:26:35+08:00 ] ::1 /runmoney/Index/rate?id=11&type=comment&val=good&callback=mycallback
INFO: [ app_init ] --START--
INFO: Run Behavior\BuildLiteBehavior [ RunTime:0.000008s ]
INFO: Run Common\Behavior\InitHookBehavior [ RunTime:0.000687s ]
INFO: [ app_init ] --END-- [ RunTime:0.000899s ]
INFO: [ app_begin ] --START--
INFO: Run Behavior\ReadHtmlCacheBehavior [ RunTime:0.000271s ]
INFO: [ app_begin ] --END-- [ RunTime:0.000308s ]
SQL: SHOW COLUMNS FROM `rm_config` [ RunTime:0.0017s ]
SQL: SELECT `type`,`name`,`value` FROM `rm_config` WHERE `status` = 1  [ RunTime:0.0002s ]
INFO: [ app_end ] --START--
INFO: Run Behavior\ShowPageTraceBehavior [ RunTime:0.006103s ]
INFO: [ app_end ] --END-- [ RunTime:0.006142s ]

[ 2015-02-03T00:27:37+08:00 ] ::1 /runmoney/Index/rate?id=11&type=comment&val=good&callback=mycallback
INFO: [ app_init ] --START--
INFO: Run Behavior\BuildLiteBehavior [ RunTime:0.000010s ]
INFO: Run Common\Behavior\InitHookBehavior [ RunTime:0.000749s ]
INFO: [ app_init ] --END-- [ RunTime:0.000959s ]
INFO: [ app_begin ] --START--
INFO: Run Behavior\ReadHtmlCacheBehavior [ RunTime:0.000233s ]
INFO: [ app_begin ] --END-- [ RunTime:0.000261s ]
SQL: SHOW COLUMNS FROM `rm_config` [ RunTime:0.0017s ]
SQL: SELECT `type`,`name`,`value` FROM `rm_config` WHERE `status` = 1  [ RunTime:0.0002s ]
NOTIC: [8] Use of undefined constant JSONP - assumed 'JSONP' /Users/ningsk/codes/runmoney/Application/Home/Controller/IndexController.class.php 第 125 行.

[ 2015-02-03T00:27:44+08:00 ] ::1 /runmoney/Index/rate?id=11&type=comment&val=good&callback=mycallback
INFO: [ app_init ] --START--
INFO: Run Behavior\BuildLiteBehavior [ RunTime:0.000008s ]
INFO: Run Common\Behavior\InitHookBehavior [ RunTime:0.000685s ]
INFO: [ app_init ] --END-- [ RunTime:0.000887s ]
INFO: [ app_begin ] --START--
INFO: Run Behavior\ReadHtmlCacheBehavior [ RunTime:0.000236s ]
INFO: [ app_begin ] --END-- [ RunTime:0.000266s ]
SQL: SHOW COLUMNS FROM `rm_config` [ RunTime:0.0010s ]
SQL: SELECT `type`,`name`,`value` FROM `rm_config` WHERE `status` = 1  [ RunTime:0.0002s ]
NOTIC: [2] Missing argument 1 for Home\Controller\IndexController::ajaxSucc(), called in /Users/ningsk/codes/runmoney/Application/Home/Controller/IndexController.class.php on line 107 and defined /Users/ningsk/codes/runmoney/Application/Home/Controller/IndexController.class.php 第 128 行.
NOTIC: [8] Undefined variable: dat /Users/ningsk/codes/runmoney/Application/Home/Controller/IndexController.class.php 第 130 行.
NOTIC: [8] Use of undefined constant JSONP - assumed 'JSONP' /Users/ningsk/codes/runmoney/Application/Home/Controller/IndexController.class.php 第 130 行.

[ 2015-02-03T00:28:16+08:00 ] ::1 /runmoney/Index/rate?id=11&type=comment&val=good&callback=mycallback
INFO: [ app_init ] --START--
INFO: Run Behavior\BuildLiteBehavior [ RunTime:0.000009s ]
INFO: Run Common\Behavior\InitHookBehavior [ RunTime:0.000706s ]
INFO: [ app_init ] --END-- [ RunTime:0.000909s ]
INFO: [ app_begin ] --START--
INFO: Run Behavior\ReadHtmlCacheBehavior [ RunTime:0.000239s ]
INFO: [ app_begin ] --END-- [ RunTime:0.000268s ]
SQL: SHOW COLUMNS FROM `rm_config` [ RunTime:0.0015s ]
SQL: SELECT `type`,`name`,`value` FROM `rm_config` WHERE `status` = 1  [ RunTime:0.0002s ]
NOTIC: [2] Missing argument 1 for Home\Controller\IndexController::ajaxSucc(), called in /Users/ningsk/codes/runmoney/Application/Home/Controller/IndexController.class.php on line 107 and defined /Users/ningsk/codes/runmoney/Application/Home/Controller/IndexController.class.php 第 128 行.
NOTIC: [8] Undefined variable: dat /Users/ningsk/codes/runmoney/Application/Home/Controller/IndexController.class.php 第 130 行.
NOTIC: [8] Use of undefined constant JSONP - assumed 'JSONP' /Users/ningsk/codes/runmoney/Application/Home/Controller/IndexController.class.php 第 133 行.

[ 2015-02-03T00:28:45+08:00 ] ::1 /runmoney/Index/rate?id=11&type=comment&val=good&callback=mycallback
INFO: [ app_init ] --START--
INFO: Run Behavior\BuildLiteBehavior [ RunTime:0.000008s ]
INFO: Run Common\Behavior\InitHookBehavior [ RunTime:0.000680s ]
INFO: [ app_init ] --END-- [ RunTime:0.000875s ]
INFO: [ app_begin ] --START--
INFO: Run Behavior\ReadHtmlCacheBehavior [ RunTime:0.000234s ]
INFO: [ app_begin ] --END-- [ RunTime:0.000262s ]
SQL: SHOW COLUMNS FROM `rm_config` [ RunTime:0.0015s ]
SQL: SELECT `type`,`name`,`value` FROM `rm_config` WHERE `status` = 1  [ RunTime:0.0002s ]
NOTIC: [8] Use of undefined constant JSONP - assumed 'JSONP' /Users/ningsk/codes/runmoney/Application/Home/Controller/IndexController.class.php 第 125 行.

[ 2015-02-03T00:28:52+08:00 ] ::1 /runmoney/Index/rate?id=11&type=comment&val=good&callback=mycallback
INFO: [ app_init ] --START--
INFO: Run Behavior\BuildLiteBehavior [ RunTime:0.000012s ]
INFO: Run Common\Behavior\InitHookBehavior [ RunTime:0.001180s ]
INFO: [ app_init ] --END-- [ RunTime:0.001616s ]
INFO: [ app_begin ] --START--
INFO: Run Behavior\ReadHtmlCacheBehavior [ RunTime:0.000329s ]
INFO: [ app_begin ] --END-- [ RunTime:0.000377s ]
SQL: SHOW COLUMNS FROM `rm_config` [ RunTime:0.0018s ]
SQL: SELECT `type`,`name`,`value` FROM `rm_config` WHERE `status` = 1  [ RunTime:0.0002s ]
NOTIC: [8] Use of undefined constant JSONP - assumed 'JSONP' /Users/ningsk/codes/runmoney/Application/Home/Controller/IndexController.class.php 第 125 行.

[ 2015-02-03T00:28:54+08:00 ] ::1 /runmoney/Index/rate?id=11&type=comment&val=good&callback=mycallback
INFO: [ app_init ] --START--
INFO: Run Behavior\BuildLiteBehavior [ RunTime:0.000010s ]
INFO: Run Common\Behavior\InitHookBehavior [ RunTime:0.000684s ]
INFO: [ app_init ] --END-- [ RunTime:0.000905s ]
INFO: [ app_begin ] --START--
INFO: Run Behavior\ReadHtmlCacheBehavior [ RunTime:0.000252s ]
INFO: [ app_begin ] --END-- [ RunTime:0.000282s ]
SQL: SHOW COLUMNS FROM `rm_config` [ RunTime:0.0012s ]
SQL: SELECT `type`,`name`,`value` FROM `rm_config` WHERE `status` = 1  [ RunTime:0.0002s ]
NOTIC: [8] Use of undefined constant JSONP - assumed 'JSONP' /Users/ningsk/codes/runmoney/Application/Home/Controller/IndexController.class.php 第 125 行.

[ 2015-02-03T00:28:57+08:00 ] ::1 /runmoney/Index/rate?id=4&type=comment&val=good&callback=mycallback
INFO: [ app_init ] --START--
INFO: Run Behavior\BuildLiteBehavior [ RunTime:0.000009s ]
INFO: Run Common\Behavior\InitHookBehavior [ RunTime:0.000992s ]
INFO: [ app_init ] --END-- [ RunTime:0.001229s ]
INFO: [ app_begin ] --START--
INFO: Run Behavior\ReadHtmlCacheBehavior [ RunTime:0.000265s ]
INFO: [ app_begin ] --END-- [ RunTime:0.000296s ]
SQL: SHOW COLUMNS FROM `rm_config` [ RunTime:0.0011s ]
SQL: SELECT `type`,`name`,`value` FROM `rm_config` WHERE `status` = 1  [ RunTime:0.0002s ]
NOTIC: [8] Use of undefined constant JSONP - assumed 'JSONP' /Users/ningsk/codes/runmoney/Application/Home/Controller/IndexController.class.php 第 125 行.

[ 2015-02-03T00:29:11+08:00 ] ::1 /runmoney/Index/rate?id=4&type=comment&val=good&callback=mycallback
INFO: [ app_init ] --START--
INFO: Run Behavior\BuildLiteBehavior [ RunTime:0.000009s ]
INFO: Run Common\Behavior\InitHookBehavior [ RunTime:0.000697s ]
INFO: [ app_init ] --END-- [ RunTime:0.000907s ]
INFO: [ app_begin ] --START--
INFO: Run Behavior\ReadHtmlCacheBehavior [ RunTime:0.000243s ]
INFO: [ app_begin ] --END-- [ RunTime:0.000273s ]
SQL: SHOW COLUMNS FROM `rm_config` [ RunTime:0.0018s ]
SQL: SELECT `type`,`name`,`value` FROM `rm_config` WHERE `status` = 1  [ RunTime:0.0003s ]
NOTIC: [8] Use of undefined constant JSONP - assumed 'JSONP' /Users/ningsk/codes/runmoney/Application/Home/Controller/IndexController.class.php 第 125 行.

[ 2015-02-03T00:29:14+08:00 ] ::1 /runmoney/Index/rate?id=4&type=comment&val=good&callback=mycallback
INFO: [ app_init ] --START--
INFO: Run Behavior\BuildLiteBehavior [ RunTime:0.000008s ]
INFO: Run Common\Behavior\InitHookBehavior [ RunTime:0.000689s ]
INFO: [ app_init ] --END-- [ RunTime:0.000885s ]
INFO: [ app_begin ] --START--
INFO: Run Behavior\ReadHtmlCacheBehavior [ RunTime:0.000234s ]
INFO: [ app_begin ] --END-- [ RunTime:0.000263s ]
SQL: SHOW COLUMNS FROM `rm_config` [ RunTime:0.0014s ]
SQL: SELECT `type`,`name`,`value` FROM `rm_config` WHERE `status` = 1  [ RunTime:0.0002s ]
NOTIC: [8] Use of undefined constant JSONP - assumed 'JSONP' /Users/ningsk/codes/runmoney/Application/Home/Controller/IndexController.class.php 第 125 行.

[ 2015-02-03T00:29:28+08:00 ] ::1 /runmoney/Index/rate?id=4
INFO: [ app_init ] --START--
INFO: Run Behavior\BuildLiteBehavior [ RunTime:0.000010s ]
INFO: Run Common\Behavior\InitHookBehavior [ RunTime:0.000768s ]
INFO: [ app_init ] --END-- [ RunTime:0.001009s ]
INFO: [ app_begin ] --START--
INFO: Run Behavior\ReadHtmlCacheBehavior [ RunTime:0.000264s ]
INFO: [ app_begin ] --END-- [ RunTime:0.000314s ]
SQL: SHOW COLUMNS FROM `rm_config` [ RunTime:0.0011s ]
SQL: SELECT `type`,`name`,`value` FROM `rm_config` WHERE `status` = 1  [ RunTime:0.0003s ]
NOTIC: [8] Use of undefined constant JSONP - assumed 'JSONP' /Users/ningsk/codes/runmoney/Application/Home/Controller/IndexController.class.php 第 125 行.

[ 2015-02-03T00:29:31+08:00 ] ::1 /runmoney/Index/rate?id=4
INFO: [ app_init ] --START--
INFO: Run Behavior\BuildLiteBehavior [ RunTime:0.000008s ]
INFO: Run Common\Behavior\InitHookBehavior [ RunTime:0.000625s ]
INFO: [ app_init ] --END-- [ RunTime:0.000847s ]
INFO: [ app_begin ] --START--
INFO: Run Behavior\ReadHtmlCacheBehavior [ RunTime:0.000240s ]
INFO: [ app_begin ] --END-- [ RunTime:0.000268s ]
SQL: SHOW COLUMNS FROM `rm_config` [ RunTime:0.0017s ]
SQL: SELECT `type`,`name`,`value` FROM `rm_config` WHERE `status` = 1  [ RunTime:0.0002s ]
NOTIC: [8] Use of undefined constant JSONP - assumed 'JSONP' /Users/ningsk/codes/runmoney/Application/Home/Controller/IndexController.class.php 第 125 行.

[ 2015-02-03T00:30:20+08:00 ] ::1 /runmoney/Index/rate?id=4
INFO: [ app_init ] --START--
INFO: Run Behavior\BuildLiteBehavior [ RunTime:0.000016s ]
INFO: Run Common\Behavior\InitHookBehavior [ RunTime:0.002731s ]
INFO: [ app_init ] --END-- [ RunTime:0.003328s ]
INFO: [ app_begin ] --START--
INFO: Run Behavior\ReadHtmlCacheBehavior [ RunTime:0.000652s ]
INFO: [ app_begin ] --END-- [ RunTime:0.000698s ]
SQL: SHOW COLUMNS FROM `rm_config` [ RunTime:0.0011s ]
SQL: SELECT `type`,`name`,`value` FROM `rm_config` WHERE `status` = 1  [ RunTime:0.0003s ]
NOTIC: [8] Use of undefined constant JSONP - assumed 'JSONP' /Users/ningsk/codes/runmoney/Application/Home/Controller/IndexController.class.php 第 125 行.

[ 2015-02-03T00:30:23+08:00 ] ::1 /runmoney/Index/rate?sid=4
INFO: [ app_init ] --START--
INFO: Run Behavior\BuildLiteBehavior [ RunTime:0.000010s ]
INFO: Run Common\Behavior\InitHookBehavior [ RunTime:0.000721s ]
INFO: [ app_init ] --END-- [ RunTime:0.000952s ]
INFO: [ app_begin ] --START--
INFO: Run Behavior\ReadHtmlCacheBehavior [ RunTime:0.000252s ]
INFO: [ app_begin ] --END-- [ RunTime:0.000296s ]
SQL: SHOW COLUMNS FROM `rm_config` [ RunTime:0.0010s ]
SQL: SELECT `type`,`name`,`value` FROM `rm_config` WHERE `status` = 1  [ RunTime:0.0002s ]
NOTIC: [8] Use of undefined constant JSONP - assumed 'JSONP' /Users/ningsk/codes/runmoney/Application/Home/Controller/IndexController.class.php 第 125 行.

[ 2015-02-03T00:30:25+08:00 ] ::1 /runmoney/Index/rate?sid=4
INFO: [ app_init ] --START--
INFO: Run Behavior\BuildLiteBehavior [ RunTime:0.000008s ]
INFO: Run Common\Behavior\InitHookBehavior [ RunTime:0.000703s ]
INFO: [ app_init ] --END-- [ RunTime:0.000904s ]
INFO: [ app_begin ] --START--
INFO: Run Behavior\ReadHtmlCacheBehavior [ RunTime:0.000266s ]
INFO: [ app_begin ] --END-- [ RunTime:0.000306s ]
SQL: SHOW COLUMNS FROM `rm_config` [ RunTime:0.0017s ]
SQL: SELECT `type`,`name`,`value` FROM `rm_config` WHERE `status` = 1  [ RunTime:0.0002s ]
NOTIC: [8] Use of undefined constant JSONP - assumed 'JSONP' /Users/ningsk/codes/runmoney/Application/Home/Controller/IndexController.class.php 第 125 行.

[ 2015-02-03T00:30:27+08:00 ] ::1 /runmoney/Index/rate?id=4
INFO: [ app_init ] --START--
INFO: Run Behavior\BuildLiteBehavior [ RunTime:0.000011s ]
INFO: Run Common\Behavior\InitHookBehavior [ RunTime:0.000921s ]
INFO: [ app_init ] --END-- [ RunTime:0.001153s ]
INFO: [ app_begin ] --START--
INFO: Run Behavior\ReadHtmlCacheBehavior [ RunTime:0.000243s ]
INFO: [ app_begin ] --END-- [ RunTime:0.000272s ]
SQL: SHOW COLUMNS FROM `rm_config` [ RunTime:0.0011s ]
SQL: SELECT `type`,`name`,`value` FROM `rm_config` WHERE `status` = 1  [ RunTime:0.0002s ]
NOTIC: [8] Use of undefined constant JSONP - assumed 'JSONP' /Users/ningsk/codes/runmoney/Application/Home/Controller/IndexController.class.php 第 125 行.

[ 2015-02-03T00:30:47+08:00 ] ::1 /runmoney/Index/rate?id=4
INFO: [ app_init ] --START--
INFO: Run Behavior\BuildLiteBehavior [ RunTime:0.000013s ]
INFO: Run Common\Behavior\InitHookBehavior [ RunTime:0.001195s ]
INFO: [ app_init ] --END-- [ RunTime:0.001578s ]
INFO: [ app_begin ] --START--
INFO: Run Behavior\ReadHtmlCacheBehavior [ RunTime:0.000476s ]
INFO: [ app_begin ] --END-- [ RunTime:0.000569s ]
SQL: SHOW COLUMNS FROM `rm_config` [ RunTime:0.0015s ]
SQL: SELECT `type`,`name`,`value` FROM `rm_config` WHERE `status` = 1  [ RunTime:0.0002s ]
NOTIC: [8] Use of undefined constant JSONP - assumed 'JSONP' /Users/ningsk/codes/runmoney/Application/Home/Controller/IndexController.class.php 第 125 行.

[ 2015-02-03T00:32:04+08:00 ] ::1 /runmoney/Index/rate?id=4
INFO: [ app_init ] --START--
INFO: Run Behavior\BuildLiteBehavior [ RunTime:0.000011s ]
INFO: Run Common\Behavior\InitHookBehavior [ RunTime:0.002152s ]
INFO: [ app_init ] --END-- [ RunTime:0.002608s ]
INFO: [ app_begin ] --START--
INFO: Run Behavior\ReadHtmlCacheBehavior [ RunTime:0.000574s ]
INFO: [ app_begin ] --END-- [ RunTime:0.000607s ]
SQL: SHOW COLUMNS FROM `rm_config` [ RunTime:0.0013s ]
SQL: SELECT `type`,`name`,`value` FROM `rm_config` WHERE `status` = 1  [ RunTime:0.0002s ]
NOTIC: [8] Use of undefined constant JSONP - assumed 'JSONP' /Users/ningsk/codes/runmoney/Application/Home/Controller/IndexController.class.php 第 125 行.

[ 2015-02-03T00:32:05+08:00 ] ::1 /runmoney/Index/rate?id=4
INFO: [ app_init ] --START--
INFO: Run Behavior\BuildLiteBehavior [ RunTime:0.000009s ]
INFO: Run Common\Behavior\InitHookBehavior [ RunTime:0.000665s ]
INFO: [ app_init ] --END-- [ RunTime:0.000860s ]
INFO: [ app_begin ] --START--
INFO: Run Behavior\ReadHtmlCacheBehavior [ RunTime:0.000227s ]
INFO: [ app_begin ] --END-- [ RunTime:0.000255s ]
SQL: SHOW COLUMNS FROM `rm_config` [ RunTime:0.0016s ]
SQL: SELECT `type`,`name`,`value` FROM `rm_config` WHERE `status` = 1  [ RunTime:0.0002s ]
NOTIC: [8] Use of undefined constant JSONP - assumed 'JSONP' /Users/ningsk/codes/runmoney/Application/Home/Controller/IndexController.class.php 第 125 行.

[ 2015-02-03T00:32:18+08:00 ] ::1 /runmoney/Index/rate?id=4
INFO: [ app_init ] --START--
INFO: Run Behavior\BuildLiteBehavior [ RunTime:0.000009s ]
INFO: Run Common\Behavior\InitHookBehavior [ RunTime:0.000707s ]
INFO: [ app_init ] --END-- [ RunTime:0.000928s ]
INFO: [ app_begin ] --START--
INFO: Run Behavior\ReadHtmlCacheBehavior [ RunTime:0.000241s ]
INFO: [ app_begin ] --END-- [ RunTime:0.000272s ]
SQL: SHOW COLUMNS FROM `rm_config` [ RunTime:0.0017s ]
SQL: SELECT `type`,`name`,`value` FROM `rm_config` WHERE `status` = 1  [ RunTime:0.0002s ]
NOTIC: [8] Use of undefined constant JSONP - assumed 'JSONP' /Users/ningsk/codes/runmoney/Application/Home/Controller/IndexController.class.php 第 125 行.

[ 2015-02-03T00:32:20+08:00 ] ::1 /runmoney/Index/rate?id=4
INFO: [ app_init ] --START--
INFO: Run Behavior\BuildLiteBehavior [ RunTime:0.000008s ]
INFO: Run Common\Behavior\InitHookBehavior [ RunTime:0.000673s ]
INFO: [ app_init ] --END-- [ RunTime:0.000864s ]
INFO: [ app_begin ] --START--
INFO: Run Behavior\ReadHtmlCacheBehavior [ RunTime:0.000229s ]
INFO: [ app_begin ] --END-- [ RunTime:0.000258s ]
SQL: SHOW COLUMNS FROM `rm_config` [ RunTime:0.0019s ]
SQL: SELECT `type`,`name`,`value` FROM `rm_config` WHERE `status` = 1  [ RunTime:0.0002s ]
NOTIC: [8] Use of undefined constant JSONP - assumed 'JSONP' /Users/ningsk/codes/runmoney/Application/Home/Controller/IndexController.class.php 第 125 行.

[ 2015-02-03T00:32:33+08:00 ] ::1 /runmoney/Index/rate?id=4
INFO: [ app_init ] --START--
INFO: Run Behavior\BuildLiteBehavior [ RunTime:0.000009s ]
INFO: Run Common\Behavior\InitHookBehavior [ RunTime:0.001064s ]
INFO: [ app_init ] --END-- [ RunTime:0.001401s ]
INFO: [ app_begin ] --START--
INFO: Run Behavior\ReadHtmlCacheBehavior [ RunTime:0.000342s ]
INFO: [ app_begin ] --END-- [ RunTime:0.000390s ]
SQL: SHOW COLUMNS FROM `rm_config` [ RunTime:0.0019s ]
SQL: SELECT `type`,`name`,`value` FROM `rm_config` WHERE `status` = 1  [ RunTime:0.0004s ]
NOTIC: [8] Use of undefined constant JSONP - assumed 'JSONP' /Users/ningsk/codes/runmoney/Application/Home/Controller/IndexController.class.php 第 125 行.

[ 2015-02-03T00:32:45+08:00 ] ::1 /runmoney/Index/rate?id=4
INFO: [ app_init ] --START--
INFO: Run Behavior\BuildLiteBehavior [ RunTime:0.000008s ]
INFO: Run Common\Behavior\InitHookBehavior [ RunTime:0.000738s ]
INFO: [ app_init ] --END-- [ RunTime:0.000939s ]
INFO: [ app_begin ] --START--
INFO: Run Behavior\ReadHtmlCacheBehavior [ RunTime:0.000287s ]
INFO: [ app_begin ] --END-- [ RunTime:0.000316s ]
SQL: SHOW COLUMNS FROM `rm_config` [ RunTime:0.0017s ]
SQL: SELECT `type`,`name`,`value` FROM `rm_config` WHERE `status` = 1  [ RunTime:0.0002s ]
NOTIC: [8] Use of undefined constant JSONP - assumed 'JSONP' /Users/ningsk/codes/runmoney/Application/Home/Controller/IndexController.class.php 第 125 行.

[ 2015-02-03T00:32:51+08:00 ] ::1 /runmoney/Index/rate?id=4&type=good
INFO: [ app_init ] --START--
INFO: Run Behavior\BuildLiteBehavior [ RunTime:0.000010s ]
INFO: Run Common\Behavior\InitHookBehavior [ RunTime:0.000902s ]
INFO: [ app_init ] --END-- [ RunTime:0.001206s ]
INFO: [ app_begin ] --START--
INFO: Run Behavior\ReadHtmlCacheBehavior [ RunTime:0.000345s ]
INFO: [ app_begin ] --END-- [ RunTime:0.000395s ]
SQL: SHOW COLUMNS FROM `rm_config` [ RunTime:0.0020s ]
SQL: SELECT `type`,`name`,`value` FROM `rm_config` WHERE `status` = 1  [ RunTime:0.0002s ]
NOTIC: [8] Use of undefined constant JSONP - assumed 'JSONP' /Users/ningsk/codes/runmoney/Application/Home/Controller/IndexController.class.php 第 125 行.

[ 2015-02-03T00:33:20+08:00 ] ::1 /runmoney/Index/rate?id=4&type=good
INFO: [ app_init ] --START--
INFO: Run Behavior\BuildLiteBehavior [ RunTime:0.000009s ]
INFO: Run Common\Behavior\InitHookBehavior [ RunTime:0.000729s ]
INFO: [ app_init ] --END-- [ RunTime:0.000939s ]
INFO: [ app_begin ] --START--
INFO: Run Behavior\ReadHtmlCacheBehavior [ RunTime:0.000245s ]
INFO: [ app_begin ] --END-- [ RunTime:0.000275s ]
SQL: SHOW COLUMNS FROM `rm_config` [ RunTime:0.0015s ]
SQL: SELECT `type`,`name`,`value` FROM `rm_config` WHERE `status` = 1  [ RunTime:0.0002s ]
NOTIC: [8] Use of undefined constant JSONP - assumed 'JSONP' /Users/ningsk/codes/runmoney/Application/Home/Controller/IndexController.class.php 第 129 行.

[ 2015-02-03T00:33:29+08:00 ] ::1 /runmoney/Index/rate?id=4&type=good
INFO: [ app_init ] --START--
INFO: Run Behavior\BuildLiteBehavior [ RunTime:0.000009s ]
INFO: Run Common\Behavior\InitHookBehavior [ RunTime:0.000941s ]
INFO: [ app_init ] --END-- [ RunTime:0.001269s ]
INFO: [ app_begin ] --START--
INFO: Run Behavior\ReadHtmlCacheBehavior [ RunTime:0.000379s ]
INFO: [ app_begin ] --END-- [ RunTime:0.000431s ]
SQL: SHOW COLUMNS FROM `rm_config` [ RunTime:0.0018s ]
SQL: SELECT `type`,`name`,`value` FROM `rm_config` WHERE `status` = 1  [ RunTime:0.0002s ]
NOTIC: [8] Use of undefined constant JSONP - assumed 'JSONP' /Users/ningsk/codes/runmoney/Application/Home/Controller/IndexController.class.php 第 129 行.

[ 2015-02-03T00:33:41+08:00 ] ::1 /runmoney/Index/rate?id=4&type=good
INFO: [ app_init ] --START--
INFO: Run Behavior\BuildLiteBehavior [ RunTime:0.000009s ]
INFO: Run Common\Behavior\InitHookBehavior [ RunTime:0.000683s ]
INFO: [ app_init ] --END-- [ RunTime:0.000911s ]
INFO: [ app_begin ] --START--
INFO: Run Behavior\ReadHtmlCacheBehavior [ RunTime:0.000267s ]
INFO: [ app_begin ] --END-- [ RunTime:0.000300s ]
SQL: SHOW COLUMNS FROM `rm_config` [ RunTime:0.0015s ]
SQL: SELECT `type`,`name`,`value` FROM `rm_config` WHERE `status` = 1  [ RunTime:0.0002s ]
NOTIC: [8] Use of undefined constant JSONP - assumed 'JSONP' /Users/ningsk/codes/runmoney/Application/Home/Controller/IndexController.class.php 第 129 行.

[ 2015-02-03T00:33:56+08:00 ] ::1 /runmoney/Index/rate?id=4&type=good
INFO: [ app_init ] --START--
INFO: Run Behavior\BuildLiteBehavior [ RunTime:0.000008s ]
INFO: Run Common\Behavior\InitHookBehavior [ RunTime:0.000697s ]
INFO: [ app_init ] --END-- [ RunTime:0.000897s ]
INFO: [ app_begin ] --START--
INFO: Run Behavior\ReadHtmlCacheBehavior [ RunTime:0.000241s ]
INFO: [ app_begin ] --END-- [ RunTime:0.000271s ]
SQL: SHOW COLUMNS FROM `rm_config` [ RunTime:0.0015s ]
SQL: SELECT `type`,`name`,`value` FROM `rm_config` WHERE `status` = 1  [ RunTime:0.0003s ]
NOTIC: [8] Use of undefined constant JSONP - assumed 'JSONP' /Users/ningsk/codes/runmoney/Application/Home/Controller/IndexController.class.php 第 129 行.

[ 2015-02-03T00:33:59+08:00 ] ::1 /runmoney/Index/rate?id=4
INFO: [ app_init ] --START--
INFO: Run Behavior\BuildLiteBehavior [ RunTime:0.000012s ]
INFO: Run Common\Behavior\InitHookBehavior [ RunTime:0.001242s ]
INFO: [ app_init ] --END-- [ RunTime:0.001645s ]
INFO: [ app_begin ] --START--
INFO: Run Behavior\ReadHtmlCacheBehavior [ RunTime:0.000412s ]
INFO: [ app_begin ] --END-- [ RunTime:0.000461s ]
SQL: SHOW COLUMNS FROM `rm_config` [ RunTime:0.0014s ]
SQL: SELECT `type`,`name`,`value` FROM `rm_config` WHERE `status` = 1  [ RunTime:0.0003s ]
NOTIC: [8] Use of undefined constant JSONP - assumed 'JSONP' /Users/ningsk/codes/runmoney/Application/Home/Controller/IndexController.class.php 第 129 行.

[ 2015-02-03T00:34:21+08:00 ] ::1 /runmoney/Index/rate?id=4
INFO: [ app_init ] --START--
INFO: Run Behavior\BuildLiteBehavior [ RunTime:0.000008s ]
INFO: Run Common\Behavior\InitHookBehavior [ RunTime:0.000666s ]
INFO: [ app_init ] --END-- [ RunTime:0.000897s ]
INFO: [ app_begin ] --START--
INFO: Run Behavior\ReadHtmlCacheBehavior [ RunTime:0.000246s ]
INFO: [ app_begin ] --END-- [ RunTime:0.000277s ]
SQL: SHOW COLUMNS FROM `rm_config` [ RunTime:0.0011s ]
SQL: SELECT `type`,`name`,`value` FROM `rm_config` WHERE `status` = 1  [ RunTime:0.0003s ]
NOTIC: [8] Use of undefined constant JSONP - assumed 'JSONP' /Users/ningsk/codes/runmoney/Application/Home/Controller/IndexController.class.php 第 129 行.

[ 2015-02-03T00:34:53+08:00 ] ::1 /runmoney/Index/rate?id=1&type=topic&val=good
INFO: [ app_init ] --START--
INFO: Run Behavior\BuildLiteBehavior [ RunTime:0.000009s ]
INFO: Run Common\Behavior\InitHookBehavior [ RunTime:0.000718s ]
INFO: [ app_init ] --END-- [ RunTime:0.000938s ]
INFO: [ app_begin ] --START--
INFO: Run Behavior\ReadHtmlCacheBehavior [ RunTime:0.000265s ]
INFO: [ app_begin ] --END-- [ RunTime:0.000295s ]
SQL: SHOW COLUMNS FROM `rm_config` [ RunTime:0.0016s ]
SQL: SELECT `type`,`name`,`value` FROM `rm_config` WHERE `status` = 1  [ RunTime:0.0004s ]
NOTIC: [2] Missing argument 1 for Home\Controller\IndexController::ajaxSucc(), called in /Users/ningsk/codes/runmoney/Application/Home/Controller/IndexController.class.php on line 111 and defined /Users/ningsk/codes/runmoney/Application/Home/Controller/IndexController.class.php 第 129 行.
NOTIC: [8] Undefined variable: dat /Users/ningsk/codes/runmoney/Application/Home/Controller/IndexController.class.php 第 131 行.
NOTIC: [8] Use of undefined constant JSONP - assumed 'JSONP' /Users/ningsk/codes/runmoney/Application/Home/Controller/IndexController.class.php 第 134 行.

[ 2015-02-03T00:35:01+08:00 ] ::1 /runmoney/Index/rate?id=1&type=topic&val=good&callback=?
INFO: [ app_init ] --START--
INFO: Run Behavior\BuildLiteBehavior [ RunTime:0.000009s ]
INFO: Run Common\Behavior\InitHookBehavior [ RunTime:0.000782s ]
INFO: [ app_init ] --END-- [ RunTime:0.001003s ]
INFO: [ app_begin ] --START--
INFO: Run Behavior\ReadHtmlCacheBehavior [ RunTime:0.000261s ]
INFO: [ app_begin ] --END-- [ RunTime:0.000291s ]
SQL: SHOW COLUMNS FROM `rm_config` [ RunTime:0.0012s ]
SQL: SELECT `type`,`name`,`value` FROM `rm_config` WHERE `status` = 1  [ RunTime:0.0002s ]
NOTIC: [2] Missing argument 1 for Home\Controller\IndexController::ajaxSucc(), called in /Users/ningsk/codes/runmoney/Application/Home/Controller/IndexController.class.php on line 111 and defined /Users/ningsk/codes/runmoney/Application/Home/Controller/IndexController.class.php 第 129 行.
NOTIC: [8] Undefined variable: dat /Users/ningsk/codes/runmoney/Application/Home/Controller/IndexController.class.php 第 131 行.
NOTIC: [8] Use of undefined constant JSONP - assumed 'JSONP' /Users/ningsk/codes/runmoney/Application/Home/Controller/IndexController.class.php 第 134 行.

