[ 2015-03-08T10:44:12+08:00 ] ::1 /runmoney/
INFO: [ app_init ] --START--
INFO: Run Behavior\BuildLiteBehavior [ RunTime:0.000069s ]
INFO: Run Common\Behavior\InitHookBehavior [ RunTime:0.004674s ]
INFO: [ app_init ] --END-- [ RunTime:0.005802s ]
INFO: [ app_begin ] --START--
INFO: Run Behavior\ReadHtmlCacheBehavior [ RunTime:0.000658s ]
INFO: [ app_begin ] --END-- [ RunTime:0.000729s ]
SQL: SHOW COLUMNS FROM `rm_config` [ RunTime:0.0108s ]
SQL: SELECT `type`,`name`,`value` FROM `rm_config` WHERE `status` = 1  [ RunTime:0.0012s ]
SQL: SHOW COLUMNS FROM `rm_category` [ RunTime:0.0076s ]
SQL: SELECT `id`,`name`,`title`,`pid`,`sort`,`list_row`,`meta_title`,`keywords`,`description`,`template_index`,`template_lists`,`template_detail`,`template_edit`,`model`,`model_sub`,`type`,`link_id`,`allow_publish`,`display`,`reply`,`check`,`reply_model`,`extend`,`create_time`,`update_time`,`status`,`icon`,`groups` FROM `rm_category` WHERE `status` = 1 ORDER BY sort  [ RunTime:0.0019s ]
SQL: SHOW COLUMNS FROM `rm_document` [ RunTime:0.0060s ]
SQL: SELECT `id`,`uid`,`name`,`title`,`category_id`,`group_id`,`description`,`root`,`pid`,`model_id`,`type`,`position`,`link_id`,`cover_id`,`display`,`deadline`,`attach`,`view`,`comment`,`extend`,`level`,`create_time`,`update_time`,`status` FROM `rm_document` WHERE `status` = 1 AND `pid` = 0 AND `create_time` < 1425782651 AND ( deadline = 0 OR deadline > 1425782651 ) ORDER BY `id` DESC  [ RunTime:0.0026s ]
INFO: [ view_parse ] --START--
INFO: [ template_filter ] --START--
INFO: Run Behavior\ContentReplaceBehavior [ RunTime:0.000313s ]
INFO: [ template_filter ] --END-- [ RunTime:0.000398s ]
INFO: Run Behavior\ParseTemplateBehavior [ RunTime:0.059357s ]
INFO: [ view_parse ] --END-- [ RunTime:0.059417s ]
INFO: [ view_filter ] --START--
INFO: Run Behavior\WriteHtmlCacheBehavior [ RunTime:0.000350s ]
INFO: [ view_filter ] --END-- [ RunTime:0.000377s ]
INFO: [ app_end ] --START--
INFO: Run Behavior\ShowPageTraceBehavior [ RunTime:0.006030s ]
INFO: [ app_end ] --END-- [ RunTime:0.006097s ]

[ 2015-03-08T10:44:12+08:00 ] ::1 /runmoney/Index/ranklist?callback=rm_callback_22317_1425782652539&type=all&_=1425782652520
INFO: [ app_init ] --START--
INFO: Run Behavior\BuildLiteBehavior [ RunTime:0.000028s ]
INFO: Run Common\Behavior\InitHookBehavior [ RunTime:0.001296s ]
INFO: [ app_init ] --END-- [ RunTime:0.001993s ]
INFO: [ app_begin ] --START--
INFO: Run Behavior\ReadHtmlCacheBehavior [ RunTime:0.000507s ]
INFO: [ app_begin ] --END-- [ RunTime:0.000570s ]
SQL: SHOW COLUMNS FROM `rm_config` [ RunTime:0.0022s ]
SQL: SELECT `type`,`name`,`value` FROM `rm_config` WHERE `status` = 1  [ RunTime:0.0002s ]
NOTIC: [8] Use of undefined constant JSONP - assumed 'JSONP' /Users/ningsk/codes/runmoney/Application/Home/Controller/HomeController.class.php 第 49 行.

[ 2015-03-08T10:44:12+08:00 ] ::1 /runmoney/Index/topic?callback=rm_callback_46075_1425782652534&type=&lastid=0&_=1425782652519
INFO: [ app_init ] --START--
INFO: Run Behavior\BuildLiteBehavior [ RunTime:0.000025s ]
INFO: Run Common\Behavior\InitHookBehavior [ RunTime:0.002129s ]
INFO: [ app_init ] --END-- [ RunTime:0.002841s ]
INFO: [ app_begin ] --START--
INFO: Run Behavior\ReadHtmlCacheBehavior [ RunTime:0.000575s ]
INFO: [ app_begin ] --END-- [ RunTime:0.000644s ]
SQL: SHOW COLUMNS FROM `rm_config` [ RunTime:0.0013s ]
SQL: SELECT `type`,`name`,`value` FROM `rm_config` WHERE `status` = 1  [ RunTime:0.0003s ]
NOTIC: [8] Use of undefined constant JSONP - assumed 'JSONP' /Users/ningsk/codes/runmoney/Application/Home/Controller/HomeController.class.php 第 49 行.

[ 2015-03-08T10:44:14+08:00 ] ::1 /runmoney/Center/index.html
INFO: [ app_init ] --START--
INFO: Run Behavior\BuildLiteBehavior [ RunTime:0.000009s ]
INFO: Run Common\Behavior\InitHookBehavior [ RunTime:0.000672s ]
INFO: [ app_init ] --END-- [ RunTime:0.000871s ]
INFO: [ app_begin ] --START--
INFO: Run Behavior\ReadHtmlCacheBehavior [ RunTime:0.000317s ]
INFO: [ app_begin ] --END-- [ RunTime:0.000349s ]
NOTIC: [2048] Declaration of Home\Controller\CenterController::theme() should be compatible with Think\Controller::theme($theme) /Users/ningsk/codes/runmoney/Application/Home/Controller/CenterController.class.php 第 9 行.
SQL: SHOW COLUMNS FROM `rm_config` [ RunTime:0.0015s ]
SQL: SELECT `type`,`name`,`value` FROM `rm_config` WHERE `status` = 1  [ RunTime:0.0003s ]
INFO: [ view_parse ] --START--
INFO: [ template_filter ] --START--
INFO: Run Behavior\ContentReplaceBehavior [ RunTime:0.000146s ]
INFO: [ template_filter ] --END-- [ RunTime:0.000185s ]
INFO: Run Behavior\ParseTemplateBehavior [ RunTime:0.037463s ]
INFO: [ view_parse ] --END-- [ RunTime:0.037500s ]
INFO: [ view_filter ] --START--
INFO: Run Behavior\WriteHtmlCacheBehavior [ RunTime:0.000134s ]
INFO: [ view_filter ] --END-- [ RunTime:0.000158s ]
INFO: [ app_end ] --START--
INFO: Run Behavior\ShowPageTraceBehavior [ RunTime:0.000433s ]
INFO: [ app_end ] --END-- [ RunTime:0.000461s ]

[ 2015-03-08T10:54:51+08:00 ] ::1 /runmoney/Center/index.html
INFO: [ app_init ] --START--
INFO: Run Behavior\BuildLiteBehavior [ RunTime:0.000021s ]
INFO: Run Common\Behavior\InitHookBehavior [ RunTime:0.003580s ]
INFO: [ app_init ] --END-- [ RunTime:0.004318s ]
INFO: [ app_begin ] --START--
INFO: Run Behavior\ReadHtmlCacheBehavior [ RunTime:0.000728s ]
INFO: [ app_begin ] --END-- [ RunTime:0.000783s ]
NOTIC: [2048] Declaration of Home\Controller\CenterController::theme() should be compatible with Think\Controller::theme($theme) /Users/ningsk/codes/runmoney/Application/Home/Controller/CenterController.class.php 第 9 行.
SQL: SHOW COLUMNS FROM `rm_config` [ RunTime:0.0063s ]
SQL: SELECT `type`,`name`,`value` FROM `rm_config` WHERE `status` = 1  [ RunTime:0.0003s ]
INFO: [ view_parse ] --START--
INFO: [ template_filter ] --START--
INFO: Run Behavior\ContentReplaceBehavior [ RunTime:0.000214s ]
INFO: [ template_filter ] --END-- [ RunTime:0.000267s ]
INFO: Run Behavior\ParseTemplateBehavior [ RunTime:0.038889s ]
INFO: [ view_parse ] --END-- [ RunTime:0.038933s ]
INFO: [ view_filter ] --START--
INFO: Run Behavior\WriteHtmlCacheBehavior [ RunTime:0.000292s ]
INFO: [ view_filter ] --END-- [ RunTime:0.000323s ]
INFO: [ app_end ] --START--
INFO: Run Behavior\ShowPageTraceBehavior [ RunTime:0.000765s ]
INFO: [ app_end ] --END-- [ RunTime:0.000797s ]

[ 2015-03-08T10:55:05+08:00 ] ::1 /runmoney/Center/index.html
INFO: [ app_init ] --START--
INFO: Run Behavior\BuildLiteBehavior [ RunTime:0.000024s ]
INFO: Run Common\Behavior\InitHookBehavior [ RunTime:0.002642s ]
INFO: [ app_init ] --END-- [ RunTime:0.003419s ]
INFO: [ app_begin ] --START--
INFO: Run Behavior\ReadHtmlCacheBehavior [ RunTime:0.001276s ]
INFO: [ app_begin ] --END-- [ RunTime:0.001395s ]
NOTIC: [2048] Declaration of Home\Controller\CenterController::theme() should be compatible with Think\Controller::theme($theme) /Users/ningsk/codes/runmoney/Application/Home/Controller/CenterController.class.php 第 9 行.
SQL: SHOW COLUMNS FROM `rm_config` [ RunTime:0.0017s ]
SQL: SELECT `type`,`name`,`value` FROM `rm_config` WHERE `status` = 1  [ RunTime:0.0002s ]
INFO: [ view_parse ] --START--
INFO: [ template_filter ] --START--
INFO: Run Behavior\ContentReplaceBehavior [ RunTime:0.000177s ]
INFO: [ template_filter ] --END-- [ RunTime:0.000223s ]

[ 2015-03-08T10:55:32+08:00 ] ::1 /runmoney/Center/index.html
INFO: [ app_init ] --START--
INFO: Run Behavior\BuildLiteBehavior [ RunTime:0.000023s ]
INFO: Run Common\Behavior\InitHookBehavior [ RunTime:0.000934s ]
INFO: [ app_init ] --END-- [ RunTime:0.001261s ]
INFO: [ app_begin ] --START--
INFO: Run Behavior\ReadHtmlCacheBehavior [ RunTime:0.000359s ]
INFO: [ app_begin ] --END-- [ RunTime:0.000409s ]
NOTIC: [2048] Declaration of Home\Controller\CenterController::theme() should be compatible with Think\Controller::theme($theme) /Users/ningsk/codes/runmoney/Application/Home/Controller/CenterController.class.php 第 9 行.
SQL: SHOW COLUMNS FROM `rm_config` [ RunTime:0.0019s ]
SQL: SELECT `type`,`name`,`value` FROM `rm_config` WHERE `status` = 1  [ RunTime:0.0003s ]
INFO: [ view_parse ] --START--
INFO: [ template_filter ] --START--
INFO: Run Behavior\ContentReplaceBehavior [ RunTime:0.000215s ]
INFO: [ template_filter ] --END-- [ RunTime:0.000260s ]
INFO: Run Behavior\ParseTemplateBehavior [ RunTime:0.021076s ]
INFO: [ view_parse ] --END-- [ RunTime:0.021125s ]
INFO: [ view_filter ] --START--
INFO: Run Behavior\WriteHtmlCacheBehavior [ RunTime:0.006040s ]
INFO: [ view_filter ] --END-- [ RunTime:0.006091s ]
INFO: [ app_end ] --START--
INFO: Run Behavior\ShowPageTraceBehavior [ RunTime:0.004786s ]
INFO: [ app_end ] --END-- [ RunTime:0.004837s ]

[ 2015-03-08T10:56:19+08:00 ] ::1 /runmoney/Center/index.html
INFO: [ app_init ] --START--
INFO: Run Behavior\BuildLiteBehavior [ RunTime:0.000037s ]
INFO: Run Common\Behavior\InitHookBehavior [ RunTime:0.002655s ]
INFO: [ app_init ] --END-- [ RunTime:0.003330s ]
INFO: [ app_begin ] --START--
INFO: Run Behavior\ReadHtmlCacheBehavior [ RunTime:0.000877s ]
INFO: [ app_begin ] --END-- [ RunTime:0.000951s ]
NOTIC: [2048] Declaration of Home\Controller\CenterController::theme() should be compatible with Think\Controller::theme($theme) /Users/ningsk/codes/runmoney/Application/Home/Controller/CenterController.class.php 第 9 行.
SQL: SHOW COLUMNS FROM `rm_config` [ RunTime:0.0028s ]
SQL: SELECT `type`,`name`,`value` FROM `rm_config` WHERE `status` = 1  [ RunTime:0.0003s ]
INFO: [ view_parse ] --START--
INFO: [ template_filter ] --START--
INFO: Run Behavior\ContentReplaceBehavior [ RunTime:0.000149s ]
INFO: [ template_filter ] --END-- [ RunTime:0.000188s ]
INFO: Run Behavior\ParseTemplateBehavior [ RunTime:0.037002s ]
INFO: [ view_parse ] --END-- [ RunTime:0.037056s ]
INFO: [ view_filter ] --START--
INFO: Run Behavior\WriteHtmlCacheBehavior [ RunTime:0.000352s ]
INFO: [ view_filter ] --END-- [ RunTime:0.000383s ]
INFO: [ app_end ] --START--
INFO: Run Behavior\ShowPageTraceBehavior [ RunTime:0.000626s ]
INFO: [ app_end ] --END-- [ RunTime:0.000671s ]

[ 2015-03-08T10:56:26+08:00 ] ::1 /runmoney/Topic/create.html
INFO: [ app_init ] --START--
INFO: Run Behavior\BuildLiteBehavior [ RunTime:0.000011s ]
INFO: Run Common\Behavior\InitHookBehavior [ RunTime:0.001101s ]
INFO: [ app_init ] --END-- [ RunTime:0.001371s ]
INFO: [ app_begin ] --START--
INFO: Run Behavior\ReadHtmlCacheBehavior [ RunTime:0.000423s ]
INFO: [ app_begin ] --END-- [ RunTime:0.000459s ]
SQL: SHOW COLUMNS FROM `rm_config` [ RunTime:0.0019s ]
SQL: SELECT `type`,`name`,`value` FROM `rm_config` WHERE `status` = 1  [ RunTime:0.0003s ]
INFO: [ view_parse ] --START--
INFO: [ template_filter ] --START--
INFO: Run Behavior\ContentReplaceBehavior [ RunTime:0.000142s ]
INFO: [ template_filter ] --END-- [ RunTime:0.000190s ]
INFO: Run Behavior\ParseTemplateBehavior [ RunTime:0.038343s ]
INFO: [ view_parse ] --END-- [ RunTime:0.038382s ]
INFO: [ view_filter ] --START--
INFO: Run Behavior\WriteHtmlCacheBehavior [ RunTime:0.000115s ]
INFO: [ view_filter ] --END-- [ RunTime:0.000145s ]
INFO: [ app_end ] --START--
INFO: Run Behavior\ShowPageTraceBehavior [ RunTime:0.000365s ]
INFO: [ app_end ] --END-- [ RunTime:0.000399s ]

[ 2015-03-08T10:56:27+08:00 ] ::1 /runmoney/Topic/
INFO: [ app_init ] --START--
INFO: Run Behavior\BuildLiteBehavior [ RunTime:0.000009s ]
INFO: Run Common\Behavior\InitHookBehavior [ RunTime:0.000724s ]
INFO: [ app_init ] --END-- [ RunTime:0.000951s ]
INFO: [ app_begin ] --START--
INFO: Run Behavior\ReadHtmlCacheBehavior [ RunTime:0.000351s ]
INFO: [ app_begin ] --END-- [ RunTime:0.000398s ]
SQL: SHOW COLUMNS FROM `rm_config` [ RunTime:0.0018s ]
SQL: SELECT `type`,`name`,`value` FROM `rm_config` WHERE `status` = 1  [ RunTime:0.0002s ]
ERR: 参数错误或者未定义:id

[ 2015-03-08T10:56:27+08:00 ] ::1 /runmoney/Topic/
INFO: [ app_init ] --START--
INFO: Run Behavior\BuildLiteBehavior [ RunTime:0.000008s ]
INFO: Run Common\Behavior\InitHookBehavior [ RunTime:0.000661s ]
INFO: [ app_init ] --END-- [ RunTime:0.000851s ]
INFO: [ app_begin ] --START--
INFO: Run Behavior\ReadHtmlCacheBehavior [ RunTime:0.000349s ]
INFO: [ app_begin ] --END-- [ RunTime:0.000406s ]
SQL: SHOW COLUMNS FROM `rm_config` [ RunTime:0.0017s ]
SQL: SELECT `type`,`name`,`value` FROM `rm_config` WHERE `status` = 1  [ RunTime:0.0003s ]
ERR: 参数错误或者未定义:id

[ 2015-03-08T11:03:39+08:00 ] ::1 /runmoney/Center/index.html
INFO: [ app_init ] --START--
INFO: Run Behavior\BuildLiteBehavior [ RunTime:0.000037s ]
INFO: Run Common\Behavior\InitHookBehavior [ RunTime:0.003178s ]
INFO: [ app_init ] --END-- [ RunTime:0.003946s ]
INFO: [ app_begin ] --START--
INFO: Run Behavior\ReadHtmlCacheBehavior [ RunTime:0.000689s ]
INFO: [ app_begin ] --END-- [ RunTime:0.000748s ]
NOTIC: [2048] Declaration of Home\Controller\CenterController::theme() should be compatible with Think\Controller::theme($theme) /Users/ningsk/codes/runmoney/Application/Home/Controller/CenterController.class.php 第 9 行.
SQL: SHOW COLUMNS FROM `rm_config` [ RunTime:0.0032s ]
SQL: SELECT `type`,`name`,`value` FROM `rm_config` WHERE `status` = 1  [ RunTime:0.0004s ]
INFO: [ view_parse ] --START--
INFO: [ template_filter ] --START--
INFO: Run Behavior\ContentReplaceBehavior [ RunTime:0.000185s ]
INFO: [ template_filter ] --END-- [ RunTime:0.000231s ]
NOTIC: [8] Use of undefined constant id - assumed 'id' /Users/ningsk/codes/runmoney/Runtime/Cache/Home/bfdd07c02654947f6fcf24e6c9b14621.php 第 196 行.
INFO: Run Behavior\ParseTemplateBehavior [ RunTime:0.042550s ]
INFO: [ view_parse ] --END-- [ RunTime:0.042597s ]
INFO: [ view_filter ] --START--
INFO: Run Behavior\WriteHtmlCacheBehavior [ RunTime:0.000344s ]
INFO: [ view_filter ] --END-- [ RunTime:0.000388s ]
INFO: [ app_end ] --START--
INFO: Run Behavior\ShowPageTraceBehavior [ RunTime:0.006190s ]
INFO: [ app_end ] --END-- [ RunTime:0.006263s ]

[ 2015-03-08T11:03:41+08:00 ] ::1 /runmoney/Topic/index/id/1.html
INFO: [ app_init ] --START--
INFO: Run Behavior\BuildLiteBehavior [ RunTime:0.000071s ]
INFO: Run Common\Behavior\InitHookBehavior [ RunTime:0.001135s ]
INFO: [ app_init ] --END-- [ RunTime:0.001902s ]
INFO: [ app_begin ] --START--
INFO: Run Behavior\ReadHtmlCacheBehavior [ RunTime:0.000345s ]
INFO: [ app_begin ] --END-- [ RunTime:0.000395s ]
SQL: SHOW COLUMNS FROM `rm_config` [ RunTime:0.0031s ]
SQL: SELECT `type`,`name`,`value` FROM `rm_config` WHERE `status` = 1  [ RunTime:0.0003s ]
SQL: SHOW COLUMNS FROM `rm_topic` [ RunTime:0.0034s ]
SQL: SELECT * FROM `rm_topic` WHERE `id` = 1 LIMIT 1   [ RunTime:0.0005s ]
INFO: [ view_parse ] --START--
INFO: [ template_filter ] --START--
INFO: Run Behavior\ContentReplaceBehavior [ RunTime:0.000274s ]
INFO: [ template_filter ] --END-- [ RunTime:0.000341s ]
INFO: Run Behavior\ParseTemplateBehavior [ RunTime:0.034251s ]
INFO: [ view_parse ] --END-- [ RunTime:0.034297s ]
INFO: [ view_filter ] --START--
INFO: Run Behavior\WriteHtmlCacheBehavior [ RunTime:0.000129s ]
INFO: [ view_filter ] --END-- [ RunTime:0.000157s ]
INFO: [ app_end ] --START--
INFO: Run Behavior\ShowPageTraceBehavior [ RunTime:0.000405s ]
INFO: [ app_end ] --END-- [ RunTime:0.000445s ]

[ 2015-03-08T11:03:41+08:00 ] ::1 /runmoney/Topic/comment?callback=rm_callback_21211_1425783821754&tid=1&type=0&p=1&cnt=10&_=1425783821680
INFO: [ app_init ] --START--
INFO: Run Behavior\BuildLiteBehavior [ RunTime:0.000023s ]
INFO: Run Common\Behavior\InitHookBehavior [ RunTime:0.001001s ]
INFO: [ app_init ] --END-- [ RunTime:0.001357s ]
INFO: [ app_begin ] --START--
INFO: Run Behavior\ReadHtmlCacheBehavior [ RunTime:0.000572s ]
INFO: [ app_begin ] --END-- [ RunTime:0.000644s ]
SQL: SHOW COLUMNS FROM `rm_config` [ RunTime:0.0023s ]
SQL: SELECT `type`,`name`,`value` FROM `rm_config` WHERE `status` = 1  [ RunTime:0.0004s ]
NOTIC: [8] Use of undefined constant JSONP - assumed 'JSONP' /Users/ningsk/codes/runmoney/Application/Home/Controller/HomeController.class.php 第 49 行.

[ 2015-03-08T11:04:14+08:00 ] ::1 /runmoney/Center/index.html
INFO: [ app_init ] --START--
INFO: Run Behavior\BuildLiteBehavior [ RunTime:0.000021s ]
INFO: Run Common\Behavior\InitHookBehavior [ RunTime:0.002239s ]
INFO: [ app_init ] --END-- [ RunTime:0.002988s ]
INFO: [ app_begin ] --START--
INFO: Run Behavior\ReadHtmlCacheBehavior [ RunTime:0.000810s ]
INFO: [ app_begin ] --END-- [ RunTime:0.000886s ]
NOTIC: [2048] Declaration of Home\Controller\CenterController::theme() should be compatible with Think\Controller::theme($theme) /Users/ningsk/codes/runmoney/Application/Home/Controller/CenterController.class.php 第 9 行.
SQL: SHOW COLUMNS FROM `rm_config` [ RunTime:0.0025s ]
SQL: SELECT `type`,`name`,`value` FROM `rm_config` WHERE `status` = 1  [ RunTime:0.0002s ]
INFO: [ view_parse ] --START--
INFO: [ template_filter ] --START--
INFO: Run Behavior\ContentReplaceBehavior [ RunTime:0.000167s ]
INFO: [ template_filter ] --END-- [ RunTime:0.000210s ]
NOTIC: [8] Use of undefined constant id - assumed 'id' /Users/ningsk/codes/runmoney/Runtime/Cache/Home/bfdd07c02654947f6fcf24e6c9b14621.php 第 196 行.
NOTIC: [8] Use of undefined constant id - assumed 'id' /Users/ningsk/codes/runmoney/Runtime/Cache/Home/bfdd07c02654947f6fcf24e6c9b14621.php 第 217 行.
NOTIC: [8] Use of undefined constant id - assumed 'id' /Users/ningsk/codes/runmoney/Runtime/Cache/Home/bfdd07c02654947f6fcf24e6c9b14621.php 第 238 行.
INFO: Run Behavior\ParseTemplateBehavior [ RunTime:0.039452s ]
INFO: [ view_parse ] --END-- [ RunTime:0.039490s ]
INFO: [ view_filter ] --START--
INFO: Run Behavior\WriteHtmlCacheBehavior [ RunTime:0.000390s ]
INFO: [ view_filter ] --END-- [ RunTime:0.000426s ]
INFO: [ app_end ] --START--
INFO: Run Behavior\ShowPageTraceBehavior [ RunTime:0.000612s ]
INFO: [ app_end ] --END-- [ RunTime:0.000654s ]

[ 2015-03-08T11:04:17+08:00 ] ::1 /runmoney/Topic/index/id/2.html
INFO: [ app_init ] --START--
INFO: Run Behavior\BuildLiteBehavior [ RunTime:0.000021s ]
INFO: Run Common\Behavior\InitHookBehavior [ RunTime:0.001060s ]
INFO: [ app_init ] --END-- [ RunTime:0.001434s ]
INFO: [ app_begin ] --START--
INFO: Run Behavior\ReadHtmlCacheBehavior [ RunTime:0.000347s ]
INFO: [ app_begin ] --END-- [ RunTime:0.000398s ]
SQL: SHOW COLUMNS FROM `rm_config` [ RunTime:0.0023s ]
SQL: SELECT `type`,`name`,`value` FROM `rm_config` WHERE `status` = 1  [ RunTime:0.0002s ]
SQL: SHOW COLUMNS FROM `rm_topic` [ RunTime:0.0011s ]
SQL: SELECT * FROM `rm_topic` WHERE `id` = 2 LIMIT 1   [ RunTime:0.0005s ]
INFO: [ view_parse ] --START--
INFO: [ template_filter ] --START--
INFO: Run Behavior\ContentReplaceBehavior [ RunTime:0.001152s ]
INFO: [ template_filter ] --END-- [ RunTime:0.001211s ]
INFO: Run Behavior\ParseTemplateBehavior [ RunTime:0.044007s ]
INFO: [ view_parse ] --END-- [ RunTime:0.044051s ]
INFO: [ view_filter ] --START--
INFO: Run Behavior\WriteHtmlCacheBehavior [ RunTime:0.000123s ]
INFO: [ view_filter ] --END-- [ RunTime:0.000153s ]
INFO: [ app_end ] --START--
INFO: Run Behavior\ShowPageTraceBehavior [ RunTime:0.000378s ]
INFO: [ app_end ] --END-- [ RunTime:0.000418s ]

[ 2015-03-08T11:04:17+08:00 ] ::1 /runmoney/Topic/comment?callback=rm_callback_17173_1425783857242&tid=2&type=0&p=1&cnt=10&_=1425783857235
INFO: [ app_init ] --START--
INFO: Run Behavior\BuildLiteBehavior [ RunTime:0.000009s ]
INFO: Run Common\Behavior\InitHookBehavior [ RunTime:0.000726s ]
INFO: [ app_init ] --END-- [ RunTime:0.000937s ]
INFO: [ app_begin ] --START--
INFO: Run Behavior\ReadHtmlCacheBehavior [ RunTime:0.000289s ]
INFO: [ app_begin ] --END-- [ RunTime:0.000320s ]
SQL: SHOW COLUMNS FROM `rm_config` [ RunTime:0.0037s ]
SQL: SELECT `type`,`name`,`value` FROM `rm_config` WHERE `status` = 1  [ RunTime:0.0003s ]
NOTIC: [8] Use of undefined constant JSONP - assumed 'JSONP' /Users/ningsk/codes/runmoney/Application/Home/Controller/HomeController.class.php 第 49 行.

[ 2015-03-08T11:41:57+08:00 ] ::1 /runmoney/Topic/index/id/1.html
INFO: [ app_init ] --START--
INFO: Run Behavior\BuildLiteBehavior [ RunTime:0.000035s ]
INFO: Run Common\Behavior\InitHookBehavior [ RunTime:0.002929s ]
INFO: [ app_init ] --END-- [ RunTime:0.003566s ]
INFO: [ app_begin ] --START--
INFO: Run Behavior\ReadHtmlCacheBehavior [ RunTime:0.000776s ]
INFO: [ app_begin ] --END-- [ RunTime:0.000859s ]
SQL: SHOW COLUMNS FROM `rm_config` [ RunTime:0.0050s ]
SQL: SELECT `type`,`name`,`value` FROM `rm_config` WHERE `status` = 1  [ RunTime:0.0004s ]
SQL: SHOW COLUMNS FROM `rm_topic` [ RunTime:0.0023s ]
SQL: SELECT * FROM `rm_topic` WHERE `id` = 1 LIMIT 1   [ RunTime:0.0010s ]
INFO: [ view_parse ] --START--
INFO: [ template_filter ] --START--
INFO: Run Behavior\ContentReplaceBehavior [ RunTime:0.000153s ]
INFO: [ template_filter ] --END-- [ RunTime:0.000195s ]
INFO: Run Behavior\ParseTemplateBehavior [ RunTime:0.040802s ]
INFO: [ view_parse ] --END-- [ RunTime:0.040861s ]
INFO: [ view_filter ] --START--
INFO: Run Behavior\WriteHtmlCacheBehavior [ RunTime:0.000298s ]
INFO: [ view_filter ] --END-- [ RunTime:0.000328s ]
INFO: [ app_end ] --START--
INFO: Run Behavior\ShowPageTraceBehavior [ RunTime:0.001050s ]
INFO: [ app_end ] --END-- [ RunTime:0.001098s ]

[ 2015-03-08T11:41:57+08:00 ] ::1 /runmoney/Topic/comment?callback=rm_callback_31354_1425786117862&tid=1&type=0&p=1&cnt=10&_=1425786117846
INFO: [ app_init ] --START--
INFO: Run Behavior\BuildLiteBehavior [ RunTime:0.000022s ]
INFO: Run Common\Behavior\InitHookBehavior [ RunTime:0.000991s ]
INFO: [ app_init ] --END-- [ RunTime:0.001349s ]
INFO: [ app_begin ] --START--
INFO: Run Behavior\ReadHtmlCacheBehavior [ RunTime:0.000617s ]
INFO: [ app_begin ] --END-- [ RunTime:0.000694s ]
SQL: SHOW COLUMNS FROM `rm_config` [ RunTime:0.0090s ]
SQL: SELECT `type`,`name`,`value` FROM `rm_config` WHERE `status` = 1  [ RunTime:0.0005s ]
NOTIC: [8] Use of undefined constant JSONP - assumed 'JSONP' /Users/ningsk/codes/runmoney/Application/Home/Controller/HomeController.class.php 第 49 行.

[ 2015-03-08T11:42:02+08:00 ] ::1 /runmoney/Topic/index/id/2.html
INFO: [ app_init ] --START--
INFO: Run Behavior\BuildLiteBehavior [ RunTime:0.000012s ]
INFO: Run Common\Behavior\InitHookBehavior [ RunTime:0.000737s ]
INFO: [ app_init ] --END-- [ RunTime:0.000974s ]
INFO: [ app_begin ] --START--
INFO: Run Behavior\ReadHtmlCacheBehavior [ RunTime:0.000424s ]
INFO: [ app_begin ] --END-- [ RunTime:0.000468s ]
SQL: SHOW COLUMNS FROM `rm_config` [ RunTime:0.0025s ]
SQL: SELECT `type`,`name`,`value` FROM `rm_config` WHERE `status` = 1  [ RunTime:0.0003s ]
SQL: SHOW COLUMNS FROM `rm_topic` [ RunTime:0.0016s ]
SQL: SELECT * FROM `rm_topic` WHERE `id` = 2 LIMIT 1   [ RunTime:0.0002s ]
INFO: [ view_parse ] --START--
INFO: [ template_filter ] --START--
INFO: Run Behavior\ContentReplaceBehavior [ RunTime:0.000156s ]
INFO: [ template_filter ] --END-- [ RunTime:0.000197s ]
INFO: Run Behavior\ParseTemplateBehavior [ RunTime:0.020265s ]
INFO: [ view_parse ] --END-- [ RunTime:0.020323s ]
INFO: [ view_filter ] --START--
INFO: Run Behavior\WriteHtmlCacheBehavior [ RunTime:0.000110s ]
INFO: [ view_filter ] --END-- [ RunTime:0.000136s ]
INFO: [ app_end ] --START--
INFO: Run Behavior\ShowPageTraceBehavior [ RunTime:0.000405s ]
INFO: [ app_end ] --END-- [ RunTime:0.000437s ]

[ 2015-03-08T11:42:02+08:00 ] ::1 /runmoney/Topic/comment?callback=rm_callback_91139_1425786122626&tid=2&type=0&p=1&cnt=10&_=1425786122600
INFO: [ app_init ] --START--
INFO: Run Behavior\BuildLiteBehavior [ RunTime:0.000032s ]
INFO: Run Common\Behavior\InitHookBehavior [ RunTime:0.001199s ]
INFO: [ app_init ] --END-- [ RunTime:0.001725s ]
INFO: [ app_begin ] --START--
INFO: Run Behavior\ReadHtmlCacheBehavior [ RunTime:0.000260s ]
INFO: [ app_begin ] --END-- [ RunTime:0.000289s ]
SQL: SHOW COLUMNS FROM `rm_config` [ RunTime:0.0016s ]
SQL: SELECT `type`,`name`,`value` FROM `rm_config` WHERE `status` = 1  [ RunTime:0.0002s ]
NOTIC: [8] Use of undefined constant JSONP - assumed 'JSONP' /Users/ningsk/codes/runmoney/Application/Home/Controller/HomeController.class.php 第 49 行.

[ 2015-03-08T11:42:19+08:00 ] ::1 /runmoney/Topic/index/id/2.html
INFO: [ app_init ] --START--
INFO: Run Behavior\BuildLiteBehavior [ RunTime:0.000054s ]
INFO: Run Common\Behavior\InitHookBehavior [ RunTime:0.002075s ]
INFO: [ app_init ] --END-- [ RunTime:0.002752s ]
INFO: [ app_begin ] --START--
INFO: Run Behavior\ReadHtmlCacheBehavior [ RunTime:0.000690s ]
INFO: [ app_begin ] --END-- [ RunTime:0.000805s ]
SQL: SHOW COLUMNS FROM `rm_config` [ RunTime:0.0015s ]
SQL: SELECT `type`,`name`,`value` FROM `rm_config` WHERE `status` = 1  [ RunTime:0.0003s ]
SQL: SHOW COLUMNS FROM `rm_topic` [ RunTime:0.0010s ]
SQL: SELECT * FROM `rm_topic` WHERE `id` = 2 LIMIT 1   [ RunTime:0.0004s ]
INFO: [ view_parse ] --START--
INFO: [ template_filter ] --START--
INFO: Run Behavior\ContentReplaceBehavior [ RunTime:0.000212s ]
INFO: [ template_filter ] --END-- [ RunTime:0.000271s ]
INFO: Run Behavior\ParseTemplateBehavior [ RunTime:0.028121s ]
INFO: [ view_parse ] --END-- [ RunTime:0.028177s ]
INFO: [ view_filter ] --START--
INFO: Run Behavior\WriteHtmlCacheBehavior [ RunTime:0.000095s ]
INFO: [ view_filter ] --END-- [ RunTime:0.000118s ]
INFO: [ app_end ] --START--
INFO: Run Behavior\ShowPageTraceBehavior [ RunTime:0.000469s ]
INFO: [ app_end ] --END-- [ RunTime:0.000510s ]

[ 2015-03-08T11:42:19+08:00 ] ::1 /runmoney/Topic/comment?callback=rm_callback_53139_1425786139900&tid=2&type=0&p=1&cnt=10&_=1425786139879
INFO: [ app_init ] --START--
INFO: Run Behavior\BuildLiteBehavior [ RunTime:0.000012s ]
INFO: Run Common\Behavior\InitHookBehavior [ RunTime:0.001094s ]
INFO: [ app_init ] --END-- [ RunTime:0.001389s ]
INFO: [ app_begin ] --START--
INFO: Run Behavior\ReadHtmlCacheBehavior [ RunTime:0.000317s ]
INFO: [ app_begin ] --END-- [ RunTime:0.000348s ]
SQL: SHOW COLUMNS FROM `rm_config` [ RunTime:0.0020s ]
SQL: SELECT `type`,`name`,`value` FROM `rm_config` WHERE `status` = 1  [ RunTime:0.0003s ]
NOTIC: [8] Use of undefined constant JSONP - assumed 'JSONP' /Users/ningsk/codes/runmoney/Application/Home/Controller/HomeController.class.php 第 49 行.

[ 2015-03-08T11:42:29+08:00 ] ::1 /runmoney/Topic/index/id/2.html
INFO: [ app_init ] --START--
INFO: Run Behavior\BuildLiteBehavior [ RunTime:0.000009s ]
INFO: Run Common\Behavior\InitHookBehavior [ RunTime:0.000674s ]
INFO: [ app_init ] --END-- [ RunTime:0.000903s ]
INFO: [ app_begin ] --START--
INFO: Run Behavior\ReadHtmlCacheBehavior [ RunTime:0.000357s ]
INFO: [ app_begin ] --END-- [ RunTime:0.000401s ]
SQL: SHOW COLUMNS FROM `rm_config` [ RunTime:0.0016s ]
SQL: SELECT `type`,`name`,`value` FROM `rm_config` WHERE `status` = 1  [ RunTime:0.0003s ]
SQL: SHOW COLUMNS FROM `rm_topic` [ RunTime:0.0015s ]
SQL: SELECT * FROM `rm_topic` WHERE `id` = 2 LIMIT 1   [ RunTime:0.0004s ]
INFO: [ view_parse ] --START--
INFO: [ template_filter ] --START--
INFO: Run Behavior\ContentReplaceBehavior [ RunTime:0.001319s ]
INFO: [ template_filter ] --END-- [ RunTime:0.001374s ]
INFO: Run Behavior\ParseTemplateBehavior [ RunTime:0.045405s ]
INFO: [ view_parse ] --END-- [ RunTime:0.045466s ]
INFO: [ view_filter ] --START--
INFO: Run Behavior\WriteHtmlCacheBehavior [ RunTime:0.000279s ]
INFO: [ view_filter ] --END-- [ RunTime:0.000313s ]
INFO: [ app_end ] --START--
INFO: Run Behavior\ShowPageTraceBehavior [ RunTime:0.000689s ]
INFO: [ app_end ] --END-- [ RunTime:0.000734s ]

[ 2015-03-08T11:42:29+08:00 ] ::1 /runmoney/Topic/comment?callback=rm_callback_9913_1425786149415&tid=2&type=0&p=1&cnt=10&_=1425786149402
INFO: [ app_init ] --START--
INFO: Run Behavior\BuildLiteBehavior [ RunTime:0.000009s ]
INFO: Run Common\Behavior\InitHookBehavior [ RunTime:0.000671s ]
INFO: [ app_init ] --END-- [ RunTime:0.000873s ]
INFO: [ app_begin ] --START--
INFO: Run Behavior\ReadHtmlCacheBehavior [ RunTime:0.000313s ]
INFO: [ app_begin ] --END-- [ RunTime:0.000350s ]
SQL: SHOW COLUMNS FROM `rm_config` [ RunTime:0.0020s ]
SQL: SELECT `type`,`name`,`value` FROM `rm_config` WHERE `status` = 1  [ RunTime:0.0002s ]
NOTIC: [8] Use of undefined constant JSONP - assumed 'JSONP' /Users/ningsk/codes/runmoney/Application/Home/Controller/HomeController.class.php 第 49 行.

[ 2015-03-08T11:43:00+08:00 ] ::1 /runmoney/Topic/index/id/2.html
INFO: [ app_init ] --START--
INFO: Run Behavior\BuildLiteBehavior [ RunTime:0.000010s ]
INFO: Run Common\Behavior\InitHookBehavior [ RunTime:0.001938s ]
INFO: [ app_init ] --END-- [ RunTime:0.002357s ]
INFO: [ app_begin ] --START--
INFO: Run Behavior\ReadHtmlCacheBehavior [ RunTime:0.000546s ]
INFO: [ app_begin ] --END-- [ RunTime:0.000582s ]
SQL: SHOW COLUMNS FROM `rm_config` [ RunTime:0.0024s ]
SQL: SELECT `type`,`name`,`value` FROM `rm_config` WHERE `status` = 1  [ RunTime:0.0003s ]
SQL: SHOW COLUMNS FROM `rm_topic` [ RunTime:0.0017s ]
SQL: SELECT * FROM `rm_topic` WHERE `id` = 2 LIMIT 1   [ RunTime:0.0004s ]
INFO: [ view_parse ] --START--
INFO: [ template_filter ] --START--
INFO: Run Behavior\ContentReplaceBehavior [ RunTime:0.000120s ]
INFO: [ template_filter ] --END-- [ RunTime:0.000158s ]
INFO: Run Behavior\ParseTemplateBehavior [ RunTime:0.058466s ]
INFO: [ view_parse ] --END-- [ RunTime:0.058493s ]
INFO: [ view_filter ] --START--
INFO: Run Behavior\WriteHtmlCacheBehavior [ RunTime:0.000363s ]
INFO: [ view_filter ] --END-- [ RunTime:0.000395s ]
INFO: [ app_end ] --START--
INFO: Run Behavior\ShowPageTraceBehavior [ RunTime:0.000790s ]
INFO: [ app_end ] --END-- [ RunTime:0.000832s ]

[ 2015-03-08T11:43:00+08:00 ] ::1 /runmoney/Topic/comment?callback=rm_callback_55336_1425786180605&tid=2&type=0&p=1&cnt=10&_=1425786180595
INFO: [ app_init ] --START--
INFO: Run Behavior\BuildLiteBehavior [ RunTime:0.000016s ]
INFO: Run Common\Behavior\InitHookBehavior [ RunTime:0.000815s ]
INFO: [ app_init ] --END-- [ RunTime:0.001144s ]
INFO: [ app_begin ] --START--
INFO: Run Behavior\ReadHtmlCacheBehavior [ RunTime:0.000906s ]
INFO: [ app_begin ] --END-- [ RunTime:0.001021s ]
SQL: SHOW COLUMNS FROM `rm_config` [ RunTime:0.0018s ]
SQL: SELECT `type`,`name`,`value` FROM `rm_config` WHERE `status` = 1  [ RunTime:0.0003s ]
NOTIC: [8] Use of undefined constant JSONP - assumed 'JSONP' /Users/ningsk/codes/runmoney/Application/Home/Controller/HomeController.class.php 第 49 行.

[ 2015-03-08T11:43:23+08:00 ] ::1 /runmoney/Topic/Index/id/2.html
INFO: [ app_init ] --START--
INFO: Run Behavior\BuildLiteBehavior [ RunTime:0.000030s ]
INFO: Run Common\Behavior\InitHookBehavior [ RunTime:0.002578s ]
INFO: [ app_init ] --END-- [ RunTime:0.003325s ]
INFO: [ app_begin ] --START--
INFO: Run Behavior\ReadHtmlCacheBehavior [ RunTime:0.000861s ]
INFO: [ app_begin ] --END-- [ RunTime:0.000942s ]
SQL: SHOW COLUMNS FROM `rm_config` [ RunTime:0.0014s ]
SQL: SELECT `type`,`name`,`value` FROM `rm_config` WHERE `status` = 1  [ RunTime:0.0003s ]
SQL: SHOW COLUMNS FROM `rm_topic` [ RunTime:0.0016s ]
SQL: SELECT * FROM `rm_topic` WHERE `id` = 2 LIMIT 1   [ RunTime:0.0004s ]
INFO: [ view_parse ] --START--
INFO: [ template_filter ] --START--
INFO: Run Behavior\ContentReplaceBehavior [ RunTime:0.000154s ]
INFO: [ template_filter ] --END-- [ RunTime:0.000192s ]
INFO: Run Behavior\ParseTemplateBehavior [ RunTime:0.042263s ]
INFO: [ view_parse ] --END-- [ RunTime:0.042306s ]
INFO: [ view_filter ] --START--
INFO: Run Behavior\WriteHtmlCacheBehavior [ RunTime:0.000413s ]
INFO: [ view_filter ] --END-- [ RunTime:0.000462s ]
INFO: [ app_end ] --START--
INFO: Run Behavior\ShowPageTraceBehavior [ RunTime:0.000652s ]
INFO: [ app_end ] --END-- [ RunTime:0.000692s ]

[ 2015-03-08T11:43:24+08:00 ] ::1 /runmoney/Topic/comment?callback=rm_callback_30797_1425786204220&tid=2&type=0&p=1&cnt=10&_=1425786204206
INFO: [ app_init ] --START--
INFO: Run Behavior\BuildLiteBehavior [ RunTime:0.000009s ]
INFO: Run Common\Behavior\InitHookBehavior [ RunTime:0.000704s ]
INFO: [ app_init ] --END-- [ RunTime:0.000932s ]
INFO: [ app_begin ] --START--
INFO: Run Behavior\ReadHtmlCacheBehavior [ RunTime:0.000307s ]
INFO: [ app_begin ] --END-- [ RunTime:0.000336s ]
SQL: SHOW COLUMNS FROM `rm_config` [ RunTime:0.0027s ]
SQL: SELECT `type`,`name`,`value` FROM `rm_config` WHERE `status` = 1  [ RunTime:0.0026s ]
NOTIC: [8] Use of undefined constant JSONP - assumed 'JSONP' /Users/ningsk/codes/runmoney/Application/Home/Controller/HomeController.class.php 第 49 行.

[ 2015-03-08T12:30:16+08:00 ] ::1 /runmoney/
INFO: [ app_init ] --START--
INFO: Run Behavior\BuildLiteBehavior [ RunTime:0.000030s ]
INFO: Run Common\Behavior\InitHookBehavior [ RunTime:0.004012s ]
INFO: [ app_init ] --END-- [ RunTime:0.004960s ]
INFO: [ app_begin ] --START--
INFO: Run Behavior\ReadHtmlCacheBehavior [ RunTime:0.000738s ]
INFO: [ app_begin ] --END-- [ RunTime:0.000805s ]
SQL: SHOW COLUMNS FROM `rm_config` [ RunTime:0.0041s ]
SQL: SELECT `type`,`name`,`value` FROM `rm_config` WHERE `status` = 1  [ RunTime:0.0006s ]
SQL: SHOW COLUMNS FROM `rm_category` [ RunTime:0.0019s ]
SQL: SELECT `id`,`name`,`title`,`pid`,`sort`,`list_row`,`meta_title`,`keywords`,`description`,`template_index`,`template_lists`,`template_detail`,`template_edit`,`model`,`model_sub`,`type`,`link_id`,`allow_publish`,`display`,`reply`,`check`,`reply_model`,`extend`,`create_time`,`update_time`,`status`,`icon`,`groups` FROM `rm_category` WHERE `status` = 1 ORDER BY sort  [ RunTime:0.0029s ]
SQL: SHOW COLUMNS FROM `rm_document` [ RunTime:0.0039s ]
SQL: SELECT `id`,`uid`,`name`,`title`,`category_id`,`group_id`,`description`,`root`,`pid`,`model_id`,`type`,`position`,`link_id`,`cover_id`,`display`,`deadline`,`attach`,`view`,`comment`,`extend`,`level`,`create_time`,`update_time`,`status` FROM `rm_document` WHERE `status` = 1 AND `pid` = 0 AND `create_time` < 1425789016 AND ( deadline = 0 OR deadline > 1425789016 ) ORDER BY `id` DESC  [ RunTime:0.0028s ]
INFO: [ view_parse ] --START--
INFO: [ template_filter ] --START--
INFO: Run Behavior\ContentReplaceBehavior [ RunTime:0.000342s ]
INFO: [ template_filter ] --END-- [ RunTime:0.000396s ]
INFO: Run Behavior\ParseTemplateBehavior [ RunTime:0.055552s ]
INFO: [ view_parse ] --END-- [ RunTime:0.055628s ]
INFO: [ view_filter ] --START--
INFO: Run Behavior\WriteHtmlCacheBehavior [ RunTime:0.000359s ]
INFO: [ view_filter ] --END-- [ RunTime:0.000403s ]
INFO: [ app_end ] --START--
INFO: Run Behavior\ShowPageTraceBehavior [ RunTime:0.001157s ]
INFO: [ app_end ] --END-- [ RunTime:0.001210s ]

[ 2015-03-08T12:30:16+08:00 ] ::1 /runmoney/Index/ranklist?callback=rm_callback_31031_1425789016700&type=all&_=1425789016682
INFO: [ app_init ] --START--
INFO: Run Behavior\BuildLiteBehavior [ RunTime:0.000023s ]
INFO: Run Common\Behavior\InitHookBehavior [ RunTime:0.000960s ]
INFO: [ app_init ] --END-- [ RunTime:0.001315s ]
INFO: [ app_begin ] --START--
INFO: Run Behavior\ReadHtmlCacheBehavior [ RunTime:0.000461s ]
INFO: [ app_begin ] --END-- [ RunTime:0.000519s ]
SQL: SHOW COLUMNS FROM `rm_config` [ RunTime:0.0019s ]
SQL: SELECT `type`,`name`,`value` FROM `rm_config` WHERE `status` = 1  [ RunTime:0.0115s ]
NOTIC: [8] Use of undefined constant JSONP - assumed 'JSONP' /Users/ningsk/codes/runmoney/Application/Home/Controller/HomeController.class.php 第 49 行.

[ 2015-03-08T12:30:16+08:00 ] ::1 /runmoney/Index/topic?callback=rm_callback_87117_1425789016694&type=&lastid=0&_=1425789016681
INFO: [ app_init ] --START--
INFO: Run Behavior\BuildLiteBehavior [ RunTime:0.000038s ]
INFO: Run Common\Behavior\InitHookBehavior [ RunTime:0.001349s ]
INFO: [ app_init ] --END-- [ RunTime:0.001951s ]
INFO: [ app_begin ] --START--
INFO: Run Behavior\ReadHtmlCacheBehavior [ RunTime:0.000404s ]
INFO: [ app_begin ] --END-- [ RunTime:0.000461s ]
SQL: SHOW COLUMNS FROM `rm_config` [ RunTime:0.0018s ]
SQL: SELECT `type`,`name`,`value` FROM `rm_config` WHERE `status` = 1  [ RunTime:0.0003s ]
NOTIC: [8] Use of undefined constant JSONP - assumed 'JSONP' /Users/ningsk/codes/runmoney/Application/Home/Controller/HomeController.class.php 第 49 行.

[ 2015-03-08T13:20:27+08:00 ] ::1 /runmoney/
INFO: [ app_init ] --START--
INFO: Run Behavior\BuildLiteBehavior [ RunTime:0.000029s ]
INFO: Run Common\Behavior\InitHookBehavior [ RunTime:0.003325s ]
INFO: [ app_init ] --END-- [ RunTime:0.004047s ]
INFO: [ app_begin ] --START--
INFO: Run Behavior\ReadHtmlCacheBehavior [ RunTime:0.000805s ]
INFO: [ app_begin ] --END-- [ RunTime:0.000879s ]
SQL: SHOW COLUMNS FROM `rm_config` [ RunTime:0.0058s ]
SQL: SELECT `type`,`name`,`value` FROM `rm_config` WHERE `status` = 1  [ RunTime:0.0004s ]
SQL: SHOW COLUMNS FROM `rm_category` [ RunTime:0.0018s ]
SQL: SELECT `id`,`name`,`title`,`pid`,`sort`,`list_row`,`meta_title`,`keywords`,`description`,`template_index`,`template_lists`,`template_detail`,`template_edit`,`model`,`model_sub`,`type`,`link_id`,`allow_publish`,`display`,`reply`,`check`,`reply_model`,`extend`,`create_time`,`update_time`,`status`,`icon`,`groups` FROM `rm_category` WHERE `status` = 1 ORDER BY sort  [ RunTime:0.0004s ]
SQL: SHOW COLUMNS FROM `rm_document` [ RunTime:0.0015s ]
SQL: SELECT `id`,`uid`,`name`,`title`,`category_id`,`group_id`,`description`,`root`,`pid`,`model_id`,`type`,`position`,`link_id`,`cover_id`,`display`,`deadline`,`attach`,`view`,`comment`,`extend`,`level`,`create_time`,`update_time`,`status` FROM `rm_document` WHERE `status` = 1 AND `pid` = 0 AND `create_time` < 1425792027 AND ( deadline = 0 OR deadline > 1425792027 ) ORDER BY `id` DESC  [ RunTime:0.0005s ]
INFO: [ view_parse ] --START--
INFO: [ template_filter ] --START--
INFO: Run Behavior\ContentReplaceBehavior [ RunTime:0.000259s ]
INFO: [ template_filter ] --END-- [ RunTime:0.000298s ]
INFO: Run Behavior\ParseTemplateBehavior [ RunTime:0.055913s ]
INFO: [ view_parse ] --END-- [ RunTime:0.055974s ]
INFO: [ view_filter ] --START--
INFO: Run Behavior\WriteHtmlCacheBehavior [ RunTime:0.000369s ]
INFO: [ view_filter ] --END-- [ RunTime:0.000412s ]
INFO: [ app_end ] --START--
INFO: Run Behavior\ShowPageTraceBehavior [ RunTime:0.000630s ]
INFO: [ app_end ] --END-- [ RunTime:0.000669s ]

[ 2015-03-08T13:20:29+08:00 ] ::1 /runmoney/
INFO: [ app_init ] --START--
INFO: Run Behavior\BuildLiteBehavior [ RunTime:0.000009s ]
INFO: Run Common\Behavior\InitHookBehavior [ RunTime:0.000689s ]
INFO: [ app_init ] --END-- [ RunTime:0.000918s ]
INFO: [ app_begin ] --START--
INFO: Run Behavior\ReadHtmlCacheBehavior [ RunTime:0.000236s ]
INFO: [ app_begin ] --END-- [ RunTime:0.000264s ]
SQL: SHOW COLUMNS FROM `rm_config` [ RunTime:0.0023s ]
SQL: SELECT `type`,`name`,`value` FROM `rm_config` WHERE `status` = 1  [ RunTime:0.0002s ]
SQL: SHOW COLUMNS FROM `rm_category` [ RunTime:0.0033s ]
SQL: SELECT `id`,`name`,`title`,`pid`,`sort`,`list_row`,`meta_title`,`keywords`,`description`,`template_index`,`template_lists`,`template_detail`,`template_edit`,`model`,`model_sub`,`type`,`link_id`,`allow_publish`,`display`,`reply`,`check`,`reply_model`,`extend`,`create_time`,`update_time`,`status`,`icon`,`groups` FROM `rm_category` WHERE `status` = 1 ORDER BY sort  [ RunTime:0.0014s ]
SQL: SHOW COLUMNS FROM `rm_document` [ RunTime:0.0020s ]
SQL: SELECT `id`,`uid`,`name`,`title`,`category_id`,`group_id`,`description`,`root`,`pid`,`model_id`,`type`,`position`,`link_id`,`cover_id`,`display`,`deadline`,`attach`,`view`,`comment`,`extend`,`level`,`create_time`,`update_time`,`status` FROM `rm_document` WHERE `status` = 1 AND `pid` = 0 AND `create_time` < 1425792029 AND ( deadline = 0 OR deadline > 1425792029 ) ORDER BY `id` DESC  [ RunTime:0.0002s ]
INFO: [ view_parse ] --START--
INFO: [ template_filter ] --START--
INFO: Run Behavior\ContentReplaceBehavior [ RunTime:0.000246s ]
INFO: [ template_filter ] --END-- [ RunTime:0.000286s ]
INFO: Run Behavior\ParseTemplateBehavior [ RunTime:0.047040s ]
INFO: [ view_parse ] --END-- [ RunTime:0.047080s ]
INFO: [ view_filter ] --START--
INFO: Run Behavior\WriteHtmlCacheBehavior [ RunTime:0.000093s ]
INFO: [ view_filter ] --END-- [ RunTime:0.000115s ]
INFO: [ app_end ] --START--
INFO: Run Behavior\ShowPageTraceBehavior [ RunTime:0.000357s ]
INFO: [ app_end ] --END-- [ RunTime:0.000383s ]

[ 2015-03-08T22:25:23+08:00 ] ::1 /runmoney/
INFO: [ app_init ] --START--
INFO: Run Behavior\BuildLiteBehavior [ RunTime:0.000040s ]
INFO: Run Common\Behavior\InitHookBehavior [ RunTime:0.003955s ]
INFO: [ app_init ] --END-- [ RunTime:0.006697s ]
INFO: [ app_begin ] --START--
INFO: Run Behavior\ReadHtmlCacheBehavior [ RunTime:0.000749s ]
INFO: [ app_begin ] --END-- [ RunTime:0.000820s ]
SQL: SHOW COLUMNS FROM `rm_config` [ RunTime:0.0340s ]
SQL: SELECT `type`,`name`,`value` FROM `rm_config` WHERE `status` = 1  [ RunTime:0.0029s ]
SQL: SHOW COLUMNS FROM `rm_category` [ RunTime:0.0083s ]
SQL: SELECT `id`,`name`,`title`,`pid`,`sort`,`list_row`,`meta_title`,`keywords`,`description`,`template_index`,`template_lists`,`template_detail`,`template_edit`,`model`,`model_sub`,`type`,`link_id`,`allow_publish`,`display`,`reply`,`check`,`reply_model`,`extend`,`create_time`,`update_time`,`status`,`icon`,`groups` FROM `rm_category` WHERE `status` = 1 ORDER BY sort  [ RunTime:0.0010s ]
SQL: SHOW COLUMNS FROM `rm_document` [ RunTime:0.0029s ]
SQL: SELECT `id`,`uid`,`name`,`title`,`category_id`,`group_id`,`description`,`root`,`pid`,`model_id`,`type`,`position`,`link_id`,`cover_id`,`display`,`deadline`,`attach`,`view`,`comment`,`extend`,`level`,`create_time`,`update_time`,`status` FROM `rm_document` WHERE `status` = 1 AND `pid` = 0 AND `create_time` < 1425824723 AND ( deadline = 0 OR deadline > 1425824723 ) ORDER BY `id` DESC  [ RunTime:0.0025s ]
INFO: [ view_parse ] --START--
INFO: [ template_filter ] --START--
INFO: Run Behavior\ContentReplaceBehavior [ RunTime:0.000267s ]
INFO: [ template_filter ] --END-- [ RunTime:0.000332s ]
INFO: Run Behavior\ParseTemplateBehavior [ RunTime:0.062620s ]
INFO: [ view_parse ] --END-- [ RunTime:0.062755s ]
INFO: [ view_filter ] --START--
INFO: Run Behavior\WriteHtmlCacheBehavior [ RunTime:0.000417s ]
INFO: [ view_filter ] --END-- [ RunTime:0.000453s ]
INFO: [ app_end ] --START--
INFO: Run Behavior\ShowPageTraceBehavior [ RunTime:0.000575s ]
INFO: [ app_end ] --END-- [ RunTime:0.000608s ]

[ 2015-03-08T22:25:23+08:00 ] ::1 /runmoney/Index/ranklist?callback=rm_callback_43432_1425824723882&type=all&_=1425824723871
INFO: [ app_init ] --START--
INFO: Run Behavior\BuildLiteBehavior [ RunTime:0.000009s ]
INFO: Run Common\Behavior\InitHookBehavior [ RunTime:0.001011s ]
INFO: [ app_init ] --END-- [ RunTime:0.001230s ]
INFO: [ app_begin ] --START--
INFO: Run Behavior\ReadHtmlCacheBehavior [ RunTime:0.000400s ]
INFO: [ app_begin ] --END-- [ RunTime:0.000445s ]
SQL: SHOW COLUMNS FROM `rm_config` [ RunTime:0.0033s ]
SQL: SELECT `type`,`name`,`value` FROM `rm_config` WHERE `status` = 1  [ RunTime:0.0002s ]
NOTIC: [8] Use of undefined constant JSONP - assumed 'JSONP' /Users/ningsk/codes/runmoney/Application/Home/Controller/HomeController.class.php 第 49 行.

[ 2015-03-08T22:25:24+08:00 ] ::1 /runmoney/Index/topic?callback=rm_callback_8068_1425824723881&type=&lastid=0&_=1425824723870
INFO: [ app_init ] --START--
INFO: Run Behavior\BuildLiteBehavior [ RunTime:0.000025s ]
INFO: Run Common\Behavior\InitHookBehavior [ RunTime:0.000931s ]
INFO: [ app_init ] --END-- [ RunTime:0.001280s ]
INFO: [ app_begin ] --START--
INFO: Run Behavior\ReadHtmlCacheBehavior [ RunTime:0.000368s ]
INFO: [ app_begin ] --END-- [ RunTime:0.000416s ]
SQL: SHOW COLUMNS FROM `rm_config` [ RunTime:0.0037s ]
SQL: SELECT `type`,`name`,`value` FROM `rm_config` WHERE `status` = 1  [ RunTime:0.0002s ]
NOTIC: [8] Use of undefined constant JSONP - assumed 'JSONP' /Users/ningsk/codes/runmoney/Application/Home/Controller/HomeController.class.php 第 49 行.

[ 2015-03-08T22:25:31+08:00 ] ::1 /runmoney/Index/topic?callback=rm_callback_64389_1425824731285&type=&lastid=10&_=1425824723872
INFO: [ app_init ] --START--
INFO: Run Behavior\BuildLiteBehavior [ RunTime:0.000025s ]
INFO: Run Common\Behavior\InitHookBehavior [ RunTime:0.001040s ]
INFO: [ app_init ] --END-- [ RunTime:0.001390s ]
INFO: [ app_begin ] --START--
INFO: Run Behavior\ReadHtmlCacheBehavior [ RunTime:0.000632s ]
INFO: [ app_begin ] --END-- [ RunTime:0.000711s ]
SQL: SHOW COLUMNS FROM `rm_config` [ RunTime:0.0019s ]
SQL: SELECT `type`,`name`,`value` FROM `rm_config` WHERE `status` = 1  [ RunTime:0.0003s ]
NOTIC: [8] Use of undefined constant JSONP - assumed 'JSONP' /Users/ningsk/codes/runmoney/Application/Home/Controller/HomeController.class.php 第 49 行.

[ 2015-03-08T22:29:44+08:00 ] ::1 /runmoney/
INFO: [ app_init ] --START--
INFO: Run Behavior\BuildLiteBehavior [ RunTime:0.000028s ]
INFO: Run Common\Behavior\InitHookBehavior [ RunTime:0.002929s ]
INFO: [ app_init ] --END-- [ RunTime:0.003633s ]
INFO: [ app_begin ] --START--
INFO: Run Behavior\ReadHtmlCacheBehavior [ RunTime:0.000933s ]
INFO: [ app_begin ] --END-- [ RunTime:0.001011s ]
SQL: SHOW COLUMNS FROM `rm_config` [ RunTime:0.0054s ]
SQL: SELECT `type`,`name`,`value` FROM `rm_config` WHERE `status` = 1  [ RunTime:0.0119s ]
SQL: SHOW COLUMNS FROM `rm_category` [ RunTime:0.0020s ]
SQL: SELECT `id`,`name`,`title`,`pid`,`sort`,`list_row`,`meta_title`,`keywords`,`description`,`template_index`,`template_lists`,`template_detail`,`template_edit`,`model`,`model_sub`,`type`,`link_id`,`allow_publish`,`display`,`reply`,`check`,`reply_model`,`extend`,`create_time`,`update_time`,`status`,`icon`,`groups` FROM `rm_category` WHERE `status` = 1 ORDER BY sort  [ RunTime:0.0006s ]
SQL: SHOW COLUMNS FROM `rm_document` [ RunTime:0.0037s ]
SQL: SELECT `id`,`uid`,`name`,`title`,`category_id`,`group_id`,`description`,`root`,`pid`,`model_id`,`type`,`position`,`link_id`,`cover_id`,`display`,`deadline`,`attach`,`view`,`comment`,`extend`,`level`,`create_time`,`update_time`,`status` FROM `rm_document` WHERE `status` = 1 AND `pid` = 0 AND `create_time` < 1425824984 AND ( deadline = 0 OR deadline > 1425824984 ) ORDER BY `id` DESC  [ RunTime:0.0008s ]
INFO: [ view_parse ] --START--
INFO: [ template_filter ] --START--
INFO: Run Behavior\ContentReplaceBehavior [ RunTime:0.000303s ]
INFO: [ template_filter ] --END-- [ RunTime:0.000359s ]
INFO: Run Behavior\ParseTemplateBehavior [ RunTime:0.065375s ]
INFO: [ view_parse ] --END-- [ RunTime:0.065433s ]
INFO: [ view_filter ] --START--
INFO: Run Behavior\WriteHtmlCacheBehavior [ RunTime:0.000264s ]
INFO: [ view_filter ] --END-- [ RunTime:0.000288s ]
INFO: [ app_end ] --START--
INFO: Run Behavior\ShowPageTraceBehavior [ RunTime:0.000779s ]
INFO: [ app_end ] --END-- [ RunTime:0.000823s ]

[ 2015-03-08T22:29:45+08:00 ] ::1 /runmoney/Index/topic?callback=rm_callback_24688_1425824985159&type=&lastid=0&_=1425824985149
INFO: [ app_init ] --START--
INFO: Run Behavior\BuildLiteBehavior [ RunTime:0.000009s ]
INFO: Run Common\Behavior\InitHookBehavior [ RunTime:0.000667s ]
INFO: [ app_init ] --END-- [ RunTime:0.000870s ]
INFO: [ app_begin ] --START--
INFO: Run Behavior\ReadHtmlCacheBehavior [ RunTime:0.000240s ]
INFO: [ app_begin ] --END-- [ RunTime:0.000267s ]
SQL: SHOW COLUMNS FROM `rm_config` [ RunTime:0.0023s ]
SQL: SELECT `type`,`name`,`value` FROM `rm_config` WHERE `status` = 1  [ RunTime:0.0002s ]
NOTIC: [8] Use of undefined constant JSONP - assumed 'JSONP' /Users/ningsk/codes/runmoney/Application/Home/Controller/HomeController.class.php 第 49 行.

[ 2015-03-08T22:29:45+08:00 ] ::1 /runmoney/Index/ranklist?callback=rm_callback_28393_1425824985161&type=all&_=1425824985150
INFO: [ app_init ] --START--
INFO: Run Behavior\BuildLiteBehavior [ RunTime:0.000019s ]
INFO: Run Common\Behavior\InitHookBehavior [ RunTime:0.001014s ]
INFO: [ app_init ] --END-- [ RunTime:0.001368s ]
INFO: [ app_begin ] --START--
INFO: Run Behavior\ReadHtmlCacheBehavior [ RunTime:0.000405s ]
INFO: [ app_begin ] --END-- [ RunTime:0.000453s ]
SQL: SHOW COLUMNS FROM `rm_config` [ RunTime:0.0072s ]
SQL: SELECT `type`,`name`,`value` FROM `rm_config` WHERE `status` = 1  [ RunTime:0.0004s ]
NOTIC: [8] Use of undefined constant JSONP - assumed 'JSONP' /Users/ningsk/codes/runmoney/Application/Home/Controller/HomeController.class.php 第 49 行.

[ 2015-03-08T22:29:47+08:00 ] ::1 /runmoney/Index/topic?callback=rm_callback_39852_1425824987684&type=&lastid=10&_=1425824985151
INFO: [ app_init ] --START--
INFO: Run Behavior\BuildLiteBehavior [ RunTime:0.000008s ]
INFO: Run Common\Behavior\InitHookBehavior [ RunTime:0.000671s ]
INFO: [ app_init ] --END-- [ RunTime:0.000864s ]
INFO: [ app_begin ] --START--
INFO: Run Behavior\ReadHtmlCacheBehavior [ RunTime:0.000234s ]
INFO: [ app_begin ] --END-- [ RunTime:0.000260s ]
SQL: SHOW COLUMNS FROM `rm_config` [ RunTime:0.0013s ]
SQL: SELECT `type`,`name`,`value` FROM `rm_config` WHERE `status` = 1  [ RunTime:0.0003s ]
NOTIC: [8] Use of undefined constant JSONP - assumed 'JSONP' /Users/ningsk/codes/runmoney/Application/Home/Controller/HomeController.class.php 第 49 行.

[ 2015-03-08T22:29:50+08:00 ] ::1 /runmoney/Center/index.html
INFO: [ app_init ] --START--
INFO: Run Behavior\BuildLiteBehavior [ RunTime:0.000009s ]
INFO: Run Common\Behavior\InitHookBehavior [ RunTime:0.000775s ]
INFO: [ app_init ] --END-- [ RunTime:0.000980s ]
INFO: [ app_begin ] --START--
INFO: Run Behavior\ReadHtmlCacheBehavior [ RunTime:0.000257s ]
INFO: [ app_begin ] --END-- [ RunTime:0.000287s ]
NOTIC: [2048] Declaration of Home\Controller\CenterController::theme() should be compatible with Think\Controller::theme($theme) /Users/ningsk/codes/runmoney/Application/Home/Controller/CenterController.class.php 第 9 行.
SQL: SHOW COLUMNS FROM `rm_config` [ RunTime:0.0012s ]
SQL: SELECT `type`,`name`,`value` FROM `rm_config` WHERE `status` = 1  [ RunTime:0.0002s ]
INFO: [ view_parse ] --START--
INFO: [ template_filter ] --START--
INFO: Run Behavior\ContentReplaceBehavior [ RunTime:0.000168s ]
INFO: [ template_filter ] --END-- [ RunTime:0.000208s ]
NOTIC: [8] Use of undefined constant id - assumed 'id' /Users/ningsk/codes/runmoney/Runtime/Cache/Home/bfdd07c02654947f6fcf24e6c9b14621.php 第 196 行.
NOTIC: [8] Use of undefined constant id - assumed 'id' /Users/ningsk/codes/runmoney/Runtime/Cache/Home/bfdd07c02654947f6fcf24e6c9b14621.php 第 217 行.
NOTIC: [8] Use of undefined constant id - assumed 'id' /Users/ningsk/codes/runmoney/Runtime/Cache/Home/bfdd07c02654947f6fcf24e6c9b14621.php 第 238 行.
INFO: Run Behavior\ParseTemplateBehavior [ RunTime:0.049544s ]
INFO: [ view_parse ] --END-- [ RunTime:0.049600s ]
INFO: [ view_filter ] --START--
INFO: Run Behavior\WriteHtmlCacheBehavior [ RunTime:0.000171s ]
INFO: [ view_filter ] --END-- [ RunTime:0.000197s ]
INFO: [ app_end ] --START--
INFO: Run Behavior\ShowPageTraceBehavior [ RunTime:0.000316s ]
INFO: [ app_end ] --END-- [ RunTime:0.000356s ]

[ 2015-03-08T22:29:53+08:00 ] ::1 /runmoney/Topic/index/id/3.html
INFO: [ app_init ] --START--
INFO: Run Behavior\BuildLiteBehavior [ RunTime:0.000027s ]
INFO: Run Common\Behavior\InitHookBehavior [ RunTime:0.001091s ]
INFO: [ app_init ] --END-- [ RunTime:0.001467s ]
INFO: [ app_begin ] --START--
INFO: Run Behavior\ReadHtmlCacheBehavior [ RunTime:0.000360s ]
INFO: [ app_begin ] --END-- [ RunTime:0.000409s ]
SQL: SHOW COLUMNS FROM `rm_config` [ RunTime:0.0012s ]
SQL: SELECT `type`,`name`,`value` FROM `rm_config` WHERE `status` = 1  [ RunTime:0.0002s ]
SQL: SHOW COLUMNS FROM `rm_topic` [ RunTime:0.0014s ]
SQL: SELECT * FROM `rm_topic` WHERE `id` = 3 LIMIT 1   [ RunTime:0.0046s ]
INFO: [ app_end ] --START--
INFO: Run Behavior\ShowPageTraceBehavior [ RunTime:0.001185s ]
INFO: [ app_end ] --END-- [ RunTime:0.001491s ]

[ 2015-03-08T22:30:03+08:00 ] ::1 /runmoney/Topic/index/id/2.html
INFO: [ app_init ] --START--
INFO: Run Behavior\BuildLiteBehavior [ RunTime:0.000023s ]
INFO: Run Common\Behavior\InitHookBehavior [ RunTime:0.000969s ]
INFO: [ app_init ] --END-- [ RunTime:0.001288s ]
INFO: [ app_begin ] --START--
INFO: Run Behavior\ReadHtmlCacheBehavior [ RunTime:0.000373s ]
INFO: [ app_begin ] --END-- [ RunTime:0.000425s ]
SQL: SHOW COLUMNS FROM `rm_config` [ RunTime:0.0022s ]
SQL: SELECT `type`,`name`,`value` FROM `rm_config` WHERE `status` = 1  [ RunTime:0.0003s ]
SQL: SHOW COLUMNS FROM `rm_topic` [ RunTime:0.0031s ]
SQL: SELECT * FROM `rm_topic` WHERE `id` = 2 LIMIT 1   [ RunTime:0.0009s ]
INFO: [ view_parse ] --START--
INFO: [ template_filter ] --START--
INFO: Run Behavior\ContentReplaceBehavior [ RunTime:0.000151s ]
INFO: [ template_filter ] --END-- [ RunTime:0.000205s ]
INFO: Run Behavior\ParseTemplateBehavior [ RunTime:0.045672s ]
INFO: [ view_parse ] --END-- [ RunTime:0.045727s ]
INFO: [ view_filter ] --START--
INFO: Run Behavior\WriteHtmlCacheBehavior [ RunTime:0.000121s ]
INFO: [ view_filter ] --END-- [ RunTime:0.000148s ]
INFO: [ app_end ] --START--
INFO: Run Behavior\ShowPageTraceBehavior [ RunTime:0.000425s ]
INFO: [ app_end ] --END-- [ RunTime:0.000462s ]

[ 2015-03-08T22:30:04+08:00 ] ::1 /runmoney/Topic/comment?callback=rm_callback_24682_1425825003991&tid=2&type=0&p=1&cnt=10&_=1425825003928
INFO: [ app_init ] --START--
INFO: Run Behavior\BuildLiteBehavior [ RunTime:0.000008s ]
INFO: Run Common\Behavior\InitHookBehavior [ RunTime:0.000666s ]
INFO: [ app_init ] --END-- [ RunTime:0.000870s ]
INFO: [ app_begin ] --START--
INFO: Run Behavior\ReadHtmlCacheBehavior [ RunTime:0.000237s ]
INFO: [ app_begin ] --END-- [ RunTime:0.000264s ]
SQL: SHOW COLUMNS FROM `rm_config` [ RunTime:0.0082s ]
SQL: SELECT `type`,`name`,`value` FROM `rm_config` WHERE `status` = 1  [ RunTime:0.0003s ]
NOTIC: [8] Use of undefined constant JSONP - assumed 'JSONP' /Users/ningsk/codes/runmoney/Application/Home/Controller/HomeController.class.php 第 49 行.

[ 2015-03-08T23:03:49+08:00 ] ::1 /runmoney/Center/cart.html
INFO: [ app_init ] --START--
INFO: Run Behavior\BuildLiteBehavior [ RunTime:0.000030s ]
INFO: Run Common\Behavior\InitHookBehavior [ RunTime:0.003544s ]
INFO: [ app_init ] --END-- [ RunTime:0.004495s ]
INFO: [ app_begin ] --START--
INFO: Run Behavior\ReadHtmlCacheBehavior [ RunTime:0.000772s ]
INFO: [ app_begin ] --END-- [ RunTime:0.000845s ]
NOTIC: [2048] Declaration of Home\Controller\CenterController::theme() should be compatible with Think\Controller::theme($theme) /Users/ningsk/codes/runmoney/Application/Home/Controller/CenterController.class.php 第 9 行.
SQL: SHOW COLUMNS FROM `rm_config` [ RunTime:0.0100s ]
SQL: SELECT `type`,`name`,`value` FROM `rm_config` WHERE `status` = 1  [ RunTime:0.0009s ]
INFO: [ view_parse ] --START--
INFO: [ template_filter ] --START--
INFO: Run Behavior\ContentReplaceBehavior [ RunTime:0.000187s ]
INFO: [ template_filter ] --END-- [ RunTime:0.000236s ]
INFO: Run Behavior\ParseTemplateBehavior [ RunTime:0.045817s ]
INFO: [ view_parse ] --END-- [ RunTime:0.045989s ]
INFO: [ view_filter ] --START--
INFO: Run Behavior\WriteHtmlCacheBehavior [ RunTime:0.000456s ]
INFO: [ view_filter ] --END-- [ RunTime:0.000491s ]
INFO: [ app_end ] --START--
INFO: Run Behavior\ShowPageTraceBehavior [ RunTime:0.000717s ]
INFO: [ app_end ] --END-- [ RunTime:0.000755s ]

[ 2015-03-08T23:03:52+08:00 ] ::1 /runmoney/Center/bill.html
INFO: [ app_init ] --START--
INFO: Run Behavior\BuildLiteBehavior [ RunTime:0.000026s ]
INFO: Run Common\Behavior\InitHookBehavior [ RunTime:0.001194s ]
INFO: [ app_init ] --END-- [ RunTime:0.001559s ]
INFO: [ app_begin ] --START--
INFO: Run Behavior\ReadHtmlCacheBehavior [ RunTime:0.000447s ]
INFO: [ app_begin ] --END-- [ RunTime:0.000505s ]
NOTIC: [2048] Declaration of Home\Controller\CenterController::theme() should be compatible with Think\Controller::theme($theme) /Users/ningsk/codes/runmoney/Application/Home/Controller/CenterController.class.php 第 9 行.
SQL: SHOW COLUMNS FROM `rm_config` [ RunTime:0.0024s ]
SQL: SELECT `type`,`name`,`value` FROM `rm_config` WHERE `status` = 1  [ RunTime:0.0003s ]
INFO: [ view_parse ] --START--
INFO: [ template_filter ] --START--
INFO: Run Behavior\ContentReplaceBehavior [ RunTime:0.000176s ]
INFO: [ template_filter ] --END-- [ RunTime:0.000279s ]
INFO: Run Behavior\ParseTemplateBehavior [ RunTime:0.028218s ]
INFO: [ view_parse ] --END-- [ RunTime:0.028278s ]
INFO: [ view_filter ] --START--
INFO: Run Behavior\WriteHtmlCacheBehavior [ RunTime:0.000196s ]
INFO: [ view_filter ] --END-- [ RunTime:0.000239s ]
INFO: [ app_end ] --START--
INFO: Run Behavior\ShowPageTraceBehavior [ RunTime:0.000605s ]
INFO: [ app_end ] --END-- [ RunTime:0.000658s ]

[ 2015-03-08T23:03:54+08:00 ] ::1 /runmoney/Center/collect.html
INFO: [ app_init ] --START--
INFO: Run Behavior\BuildLiteBehavior [ RunTime:0.000022s ]
INFO: Run Common\Behavior\InitHookBehavior [ RunTime:0.000926s ]
INFO: [ app_init ] --END-- [ RunTime:0.001255s ]
INFO: [ app_begin ] --START--
INFO: Run Behavior\ReadHtmlCacheBehavior [ RunTime:0.000525s ]
INFO: [ app_begin ] --END-- [ RunTime:0.000607s ]
NOTIC: [2048] Declaration of Home\Controller\CenterController::theme() should be compatible with Think\Controller::theme($theme) /Users/ningsk/codes/runmoney/Application/Home/Controller/CenterController.class.php 第 9 行.
SQL: SHOW COLUMNS FROM `rm_config` [ RunTime:0.0036s ]
SQL: SELECT `type`,`name`,`value` FROM `rm_config` WHERE `status` = 1  [ RunTime:0.0003s ]
INFO: [ view_parse ] --START--
INFO: [ template_filter ] --START--
INFO: Run Behavior\ContentReplaceBehavior [ RunTime:0.000187s ]
INFO: [ template_filter ] --END-- [ RunTime:0.000253s ]
INFO: Run Behavior\ParseTemplateBehavior [ RunTime:0.040606s ]
INFO: [ view_parse ] --END-- [ RunTime:0.040646s ]
INFO: [ view_filter ] --START--
INFO: Run Behavior\WriteHtmlCacheBehavior [ RunTime:0.000089s ]
INFO: [ view_filter ] --END-- [ RunTime:0.000110s ]
INFO: [ app_end ] --START--
INFO: Run Behavior\ShowPageTraceBehavior [ RunTime:0.000389s ]
INFO: [ app_end ] --END-- [ RunTime:0.000426s ]

[ 2015-03-08T23:04:00+08:00 ] ::1 /runmoney/Center/invest.html
INFO: [ app_init ] --START--
INFO: Run Behavior\BuildLiteBehavior [ RunTime:0.000022s ]
INFO: Run Common\Behavior\InitHookBehavior [ RunTime:0.000927s ]
INFO: [ app_init ] --END-- [ RunTime:0.001272s ]
INFO: [ app_begin ] --START--
INFO: Run Behavior\ReadHtmlCacheBehavior [ RunTime:0.000418s ]
INFO: [ app_begin ] --END-- [ RunTime:0.000469s ]
NOTIC: [2048] Declaration of Home\Controller\CenterController::theme() should be compatible with Think\Controller::theme($theme) /Users/ningsk/codes/runmoney/Application/Home/Controller/CenterController.class.php 第 9 行.
SQL: SHOW COLUMNS FROM `rm_config` [ RunTime:0.0021s ]
SQL: SELECT `type`,`name`,`value` FROM `rm_config` WHERE `status` = 1  [ RunTime:0.0003s ]
INFO: [ view_parse ] --START--
INFO: [ template_filter ] --START--
INFO: Run Behavior\ContentReplaceBehavior [ RunTime:0.000230s ]
INFO: [ template_filter ] --END-- [ RunTime:0.000273s ]
INFO: Run Behavior\ParseTemplateBehavior [ RunTime:0.032260s ]
INFO: [ view_parse ] --END-- [ RunTime:0.032309s ]
INFO: [ view_filter ] --START--
INFO: Run Behavior\WriteHtmlCacheBehavior [ RunTime:0.000100s ]
INFO: [ view_filter ] --END-- [ RunTime:0.000125s ]
INFO: [ app_end ] --START--
INFO: Run Behavior\ShowPageTraceBehavior [ RunTime:0.000349s ]
INFO: [ app_end ] --END-- [ RunTime:0.000377s ]

[ 2015-03-08T23:04:21+08:00 ] ::1 /runmoney/Center/theme.html
INFO: [ app_init ] --START--
INFO: Run Behavior\BuildLiteBehavior [ RunTime:0.000010s ]
INFO: Run Common\Behavior\InitHookBehavior [ RunTime:0.000726s ]
INFO: [ app_init ] --END-- [ RunTime:0.000954s ]
INFO: [ app_begin ] --START--
INFO: Run Behavior\ReadHtmlCacheBehavior [ RunTime:0.000249s ]
INFO: [ app_begin ] --END-- [ RunTime:0.000293s ]
NOTIC: [2048] Declaration of Home\Controller\CenterController::theme() should be compatible with Think\Controller::theme($theme) /Users/ningsk/codes/runmoney/Application/Home/Controller/CenterController.class.php 第 9 行.
SQL: SHOW COLUMNS FROM `rm_config` [ RunTime:0.0070s ]
SQL: SELECT `type`,`name`,`value` FROM `rm_config` WHERE `status` = 1  [ RunTime:0.0003s ]
INFO: [ view_parse ] --START--
INFO: [ template_filter ] --START--
INFO: Run Behavior\ContentReplaceBehavior [ RunTime:0.000111s ]
INFO: [ template_filter ] --END-- [ RunTime:0.000156s ]
INFO: Run Behavior\ParseTemplateBehavior [ RunTime:0.024665s ]
INFO: [ view_parse ] --END-- [ RunTime:0.024698s ]
INFO: [ view_filter ] --START--
INFO: Run Behavior\WriteHtmlCacheBehavior [ RunTime:0.000100s ]
INFO: [ view_filter ] --END-- [ RunTime:0.000125s ]
INFO: [ app_end ] --START--
INFO: Run Behavior\ShowPageTraceBehavior [ RunTime:0.000319s ]
INFO: [ app_end ] --END-- [ RunTime:0.000348s ]

[ 2015-03-08T23:07:22+08:00 ] ::1 /runmoney/Center/index.html
INFO: [ app_init ] --START--
INFO: Run Behavior\BuildLiteBehavior [ RunTime:0.000020s ]
INFO: Run Common\Behavior\InitHookBehavior [ RunTime:0.002733s ]
INFO: [ app_init ] --END-- [ RunTime:0.003421s ]
INFO: [ app_begin ] --START--
INFO: Run Behavior\ReadHtmlCacheBehavior [ RunTime:0.000694s ]
INFO: [ app_begin ] --END-- [ RunTime:0.000760s ]
NOTIC: [2048] Declaration of Home\Controller\CenterController::theme() should be compatible with Think\Controller::theme($theme) /Users/ningsk/codes/runmoney/Application/Home/Controller/CenterController.class.php 第 9 行.
SQL: SHOW COLUMNS FROM `rm_config` [ RunTime:0.0033s ]
SQL: SELECT `type`,`name`,`value` FROM `rm_config` WHERE `status` = 1  [ RunTime:0.0003s ]
INFO: [ view_parse ] --START--
INFO: [ template_filter ] --START--
INFO: Run Behavior\ContentReplaceBehavior [ RunTime:0.000137s ]
INFO: [ template_filter ] --END-- [ RunTime:0.000177s ]
NOTIC: [8] Use of undefined constant id - assumed 'id' /Users/ningsk/codes/runmoney/Runtime/Cache/Home/bfdd07c02654947f6fcf24e6c9b14621.php 第 196 行.
NOTIC: [8] Use of undefined constant id - assumed 'id' /Users/ningsk/codes/runmoney/Runtime/Cache/Home/bfdd07c02654947f6fcf24e6c9b14621.php 第 217 行.
NOTIC: [8] Use of undefined constant id - assumed 'id' /Users/ningsk/codes/runmoney/Runtime/Cache/Home/bfdd07c02654947f6fcf24e6c9b14621.php 第 238 行.
INFO: Run Behavior\ParseTemplateBehavior [ RunTime:0.040685s ]
INFO: [ view_parse ] --END-- [ RunTime:0.040743s ]
INFO: [ view_filter ] --START--
INFO: Run Behavior\WriteHtmlCacheBehavior [ RunTime:0.000427s ]
INFO: [ view_filter ] --END-- [ RunTime:0.000468s ]
INFO: [ app_end ] --START--
INFO: Run Behavior\ShowPageTraceBehavior [ RunTime:0.000698s ]
INFO: [ app_end ] --END-- [ RunTime:0.000739s ]

[ 2015-03-08T23:07:27+08:00 ] ::1 /runmoney/Center/collect.html
INFO: [ app_init ] --START--
INFO: Run Behavior\BuildLiteBehavior [ RunTime:0.000011s ]
INFO: Run Common\Behavior\InitHookBehavior [ RunTime:0.001057s ]
INFO: [ app_init ] --END-- [ RunTime:0.001341s ]
INFO: [ app_begin ] --START--
INFO: Run Behavior\ReadHtmlCacheBehavior [ RunTime:0.000277s ]
INFO: [ app_begin ] --END-- [ RunTime:0.000313s ]
NOTIC: [2048] Declaration of Home\Controller\CenterController::theme() should be compatible with Think\Controller::theme($theme) /Users/ningsk/codes/runmoney/Application/Home/Controller/CenterController.class.php 第 9 行.
SQL: SHOW COLUMNS FROM `rm_config` [ RunTime:0.0025s ]
SQL: SELECT `type`,`name`,`value` FROM `rm_config` WHERE `status` = 1  [ RunTime:0.0003s ]
INFO: [ view_parse ] --START--
INFO: [ template_filter ] --START--
INFO: Run Behavior\ContentReplaceBehavior [ RunTime:0.000108s ]
INFO: [ template_filter ] --END-- [ RunTime:0.000147s ]
INFO: Run Behavior\ParseTemplateBehavior [ RunTime:0.027116s ]
INFO: [ view_parse ] --END-- [ RunTime:0.027148s ]
INFO: [ view_filter ] --START--
INFO: Run Behavior\WriteHtmlCacheBehavior [ RunTime:0.000075s ]
INFO: [ view_filter ] --END-- [ RunTime:0.000097s ]
INFO: [ app_end ] --START--
INFO: Run Behavior\ShowPageTraceBehavior [ RunTime:0.000283s ]
INFO: [ app_end ] --END-- [ RunTime:0.000308s ]

[ 2015-03-08T23:07:32+08:00 ] ::1 /runmoney/Topic/comment?callback=rm_callback_67454_1425827252418&tid=2&type=0&p=1&cnt=10&_=1425827252406
INFO: [ app_init ] --START--
INFO: Run Behavior\BuildLiteBehavior [ RunTime:0.000009s ]
INFO: Run Common\Behavior\InitHookBehavior [ RunTime:0.000716s ]
INFO: [ app_init ] --END-- [ RunTime:0.000983s ]
INFO: [ app_begin ] --START--
INFO: Run Behavior\ReadHtmlCacheBehavior [ RunTime:0.000359s ]
INFO: [ app_begin ] --END-- [ RunTime:0.000398s ]
SQL: SHOW COLUMNS FROM `rm_config` [ RunTime:0.0017s ]
SQL: SELECT `type`,`name`,`value` FROM `rm_config` WHERE `status` = 1  [ RunTime:0.0025s ]
NOTIC: [8] Use of undefined constant JSONP - assumed 'JSONP' /Users/ningsk/codes/runmoney/Application/Home/Controller/HomeController.class.php 第 49 行.

[ 2015-03-08T23:12:28+08:00 ] ::1 /runmoney/Center/cart.html
INFO: [ app_init ] --START--
INFO: Run Behavior\BuildLiteBehavior [ RunTime:0.000030s ]
INFO: Run Common\Behavior\InitHookBehavior [ RunTime:0.003632s ]
INFO: [ app_init ] --END-- [ RunTime:0.004346s ]
INFO: [ app_begin ] --START--
INFO: Run Behavior\ReadHtmlCacheBehavior [ RunTime:0.000813s ]
INFO: [ app_begin ] --END-- [ RunTime:0.000891s ]
NOTIC: [2048] Declaration of Home\Controller\CenterController::theme() should be compatible with Think\Controller::theme($theme) /Users/ningsk/codes/runmoney/Application/Home/Controller/CenterController.class.php 第 9 行.
SQL: SHOW COLUMNS FROM `rm_config` [ RunTime:0.0068s ]
SQL: SELECT `type`,`name`,`value` FROM `rm_config` WHERE `status` = 1  [ RunTime:0.0004s ]
INFO: [ view_parse ] --START--
INFO: [ template_filter ] --START--
INFO: Run Behavior\ContentReplaceBehavior [ RunTime:0.000260s ]
INFO: [ template_filter ] --END-- [ RunTime:0.000305s ]
INFO: Run Behavior\ParseTemplateBehavior [ RunTime:0.038985s ]
INFO: [ view_parse ] --END-- [ RunTime:0.039043s ]
INFO: [ view_filter ] --START--
INFO: Run Behavior\WriteHtmlCacheBehavior [ RunTime:0.000336s ]
INFO: [ view_filter ] --END-- [ RunTime:0.000365s ]
INFO: [ app_end ] --START--
INFO: Run Behavior\ShowPageTraceBehavior [ RunTime:0.000663s ]
INFO: [ app_end ] --END-- [ RunTime:0.000697s ]

[ 2015-03-08T23:12:34+08:00 ] ::1 /runmoney/Center/bill.html
INFO: [ app_init ] --START--
INFO: Run Behavior\BuildLiteBehavior [ RunTime:0.000022s ]
INFO: Run Common\Behavior\InitHookBehavior [ RunTime:0.001067s ]
INFO: [ app_init ] --END-- [ RunTime:0.001444s ]
INFO: [ app_begin ] --START--
INFO: Run Behavior\ReadHtmlCacheBehavior [ RunTime:0.000333s ]
INFO: [ app_begin ] --END-- [ RunTime:0.000382s ]
NOTIC: [2048] Declaration of Home\Controller\CenterController::theme() should be compatible with Think\Controller::theme($theme) /Users/ningsk/codes/runmoney/Application/Home/Controller/CenterController.class.php 第 9 行.
SQL: SHOW COLUMNS FROM `rm_config` [ RunTime:0.0019s ]
SQL: SELECT `type`,`name`,`value` FROM `rm_config` WHERE `status` = 1  [ RunTime:0.0002s ]
INFO: [ view_parse ] --START--
INFO: [ template_filter ] --START--
INFO: Run Behavior\ContentReplaceBehavior [ RunTime:0.000123s ]
INFO: [ template_filter ] --END-- [ RunTime:0.000198s ]
INFO: Run Behavior\ParseTemplateBehavior [ RunTime:0.028907s ]
INFO: [ view_parse ] --END-- [ RunTime:0.028968s ]
INFO: [ view_filter ] --START--
INFO: Run Behavior\WriteHtmlCacheBehavior [ RunTime:0.000140s ]
INFO: [ view_filter ] --END-- [ RunTime:0.000175s ]
INFO: [ app_end ] --START--
INFO: Run Behavior\ShowPageTraceBehavior [ RunTime:0.000436s ]
INFO: [ app_end ] --END-- [ RunTime:0.000476s ]

